[01m[K/home/vincent-pc/ros2_foxy/src/my_cpp_pkg/src/hw_status_publisher.cpp:17:27:[m[K [01;31m[Kerror: [m[KISO C++ forbids declaration of â€˜[01m[KpublishHardwareStatus[m[Kâ€™ with no type [[01;31m[K-fpermissive[m[K]
   17 |     publishHardwareStatus([01;31m[K)[m[K
      |                           [01;31m[K^[m[K
[01m[K/home/vincent-pc/ros2_foxy/src/my_cpp_pkg/src/hw_status_publisher.cpp:[m[K In constructor â€˜[01m[KHardwareStatusPublisher::HardwareStatusPublisher()[m[Kâ€™:
[01m[K/home/vincent-pc/ros2_foxy/src/my_cpp_pkg/src/hw_status_publisher.cpp:12:22:[m[K [01;31m[Kerror: [m[Kexpected primary-expression before â€˜[01m[K<[m[Kâ€™ token
   12 |                     ([01;31m[K<[m[K&HardwareStatusPublisher::publishHarwareStatus, this));
      |                      [01;31m[K^[m[K
[01m[K/home/vincent-pc/ros2_foxy/src/my_cpp_pkg/src/hw_status_publisher.cpp:12:49:[m[K [01;31m[Kerror: [m[Kâ€˜[01m[KpublishHarwareStatus[m[Kâ€™ is not a member of â€˜[01m[KHardwareStatusPublisher[m[Kâ€™
   12 |     (<&HardwareStatusPublisher::[01;31m[KpublishHarwareStatus[m[K, this));
      |                                 [01;31m[K^~~~~~~~~~~~~~~~~~~~[m[K

[01m[K/home/vincent-pc/ros2_foxy/src/my_cpp_pkg/src/hw_status_publisher.cpp:14:5:[m[K [01;31m[Kerror: [m[Kexpected â€˜[01m[K;[m[Kâ€™ before â€˜[01m[K}[m[Kâ€™ token
   14 |     [01;31m[K}[m[K
      |     [01;31m[K^[m[K
[01m[K/home/vincent-pc/ros2_foxy/src/my_cpp_pkg/src/hw_status_publisher.cpp:[m[K In member function â€˜[01m[Kint HardwareStatusPublisher::publishHardwareStatus()[m[Kâ€™:
[01m[K/home/vincent-pc/ros2_foxy/src/my_cpp_pkg/src/hw_status_publisher.cpp:24:5:[m[K [01;35m[Kwarning: [m[Kno return statement in function returning non-void [[01;35m[K-Wreturn-type[m[K]
   24 |     [01;35m[K}[m[K
      |     [01;35m[K^[m[K
make[2]: *** [CMakeFiles/hardware_status_publisher_cpp.dir/build.make:63: CMakeFiles/hardware_status_publisher_cpp.dir/src/hw_status_publisher.cpp.o] Error 1
make[1]: *** [CMakeFiles/Makefile2:125: CMakeFiles/hardware_status_publisher_cpp.dir/all] Error 2
make: *** [Makefile:141: all] Error 2
