[0.016s] Invoking command in '/home/vincent-pc/ros2_foxy/build/my_cpp_pkg': CMAKE_PREFIX_PATH=${CMAKE_PREFIX_PATH}:/home/vincent-pc/ros2_foxy/install/my_py_pkg:/home/vincent-pc/ros2_ws/install/py_srvcli:/home/vincent-pc/ros2_ws/install/py_pubsub:/home/vincent-pc/ros2_ws/install/my_package_Py:/home/vincent-pc/ros2_ws/install/examples_rclpy_minimal_subscriber:/home/vincent-pc/ros2_ws/install/examples_rclpy_minimal_service:/home/vincent-pc/ros2_ws/install/examples_rclpy_minimal_publisher:/home/vincent-pc/ros2_ws/install/examples_rclpy_minimal_client:/home/vincent-pc/ros2_ws/install/examples_rclpy_minimal_action_server:/home/vincent-pc/ros2_ws/install/examples_rclpy_minimal_action_client:/home/vincent-pc/ros2_ws/install/examples_rclpy_executors:/opt/ros/foxy /usr/bin/cmake --build /home/vincent-pc/ros2_foxy/build/my_cpp_pkg -- -j8 -l8
[0.071s] [35m[1mScanning dependencies of target add_two_ints_server_cpp[0m
[0.080s] [35m[1mScanning dependencies of target add_two_ints_client_no_oop[0m
[0.103s] [ 14%] Built target number_publisher_cpp
[0.109s] [ 28%] Built target cpp_node
[0.116s] [ 42%] Built target number_counter_cpp
[0.120s] [ 50%] [32mBuilding CXX object CMakeFiles/add_two_ints_server_cpp.dir/src/add_two_ints_server.cpp.o[0m
[0.123s] [ 71%] [32mBuilding CXX object CMakeFiles/add_two_ints_client_no_oop.dir/src/add_two_ints_client_no_oop.cpp.o[0m
[0.123s] [ 71%] Built target smartphone_cpp
[0.133s] [ 85%] Built target robot_news_station_cpp
[1.750s] [01m[K/home/vincent-pc/ros2_foxy/src/my_cpp_pkg/src/add_two_ints_client_no_oop.cpp:[m[K In function â€˜[01m[Kint main(int, char**)[m[Kâ€™:
[1.750s] [01m[K/home/vincent-pc/ros2_foxy/src/my_cpp_pkg/src/add_two_ints_client_no_oop.cpp:20:19:[m[K [01;31m[Kerror: [m[Kâ€˜[01m[Kclient[m[Kâ€™ was not declared in this scope; did you mean â€˜[01m[Kclient_[m[Kâ€™?
[1.750s]    20 |     auto future = [01;31m[Kclient[m[K->async_send_request(request);
[1.750s]       |                   [01;31m[K^~~~~~[m[K
[1.750s]       |                   [32m[Kclient_[m[K
[1.750s] [01m[K/home/vincent-pc/ros2_foxy/src/my_cpp_pkg/src/add_two_ints_client_no_oop.cpp:21:48:[m[K [01;31m[Kerror: [m[Kexpected â€˜[01m[K)[m[Kâ€™ before â€˜[01m[Kfuture[m[Kâ€™
[1.750s]    21 |     if (rclcpp::spin_until_future_complete[34m[K([m[Knode[01;31m[K [m[K[32m[Kfuture[m[K) == rclcpp::executor::FutureReturnCode::SUCCESS)
[1.750s]       |                                           [34m[K~[m[K    [01;31m[K^[m[K[32m[K~~~~~~[m[K
[1.750s]       |                                                [32m[K)[m[K
[1.750s] [01m[K/home/vincent-pc/ros2_foxy/src/my_cpp_pkg/src/add_two_ints_client_no_oop.cpp:21:55:[m[K [01;31m[Kerror: [m[Kno matching function for call to â€˜[01m[Kspin_until_future_complete(std::shared_ptr<rclcpp::Node>&)[m[Kâ€™
[1.751s]    21 |     if (rclcpp::spin_until_future_complete(node future[01;31m[K)[m[K == rclcpp::executor::FutureReturnCode::SUCCESS)
[1.751s]       |                                                       [01;31m[K^[m[K
[1.751s] In file included from [01m[K/opt/ros/foxy/include/rclcpp/rclcpp.hpp:146[m[K,
[1.751s]                  from [01m[K/home/vincent-pc/ros2_foxy/src/my_cpp_pkg/src/add_two_ints_client_no_oop.cpp:1[m[K:
[1.751s] [01m[K/opt/ros/foxy/include/rclcpp/executors.hpp:105:1:[m[K [01;36m[Knote: [m[Kcandidate: â€˜[01m[Ktemplate<class FutureT, class TimeRepT, class TimeT> rclcpp::FutureReturnCode rclcpp::spin_until_future_complete(rclcpp::node_interfaces::NodeBaseInterface::SharedPtr, const std::shared_future<_Res>&, std::chrono::duration<_Rep, _Period>)[m[Kâ€™
[1.751s]   105 | [01;36m[Kspin_until_future_complete[m[K(
[1.751s]       | [01;36m[K^~~~~~~~~~~~~~~~~~~~~~~~~~[m[K
[1.751s] [01m[K/opt/ros/foxy/include/rclcpp/executors.hpp:105:1:[m[K [01;36m[Knote: [m[K  template argument deduction/substitution failed:
[1.751s] [01m[K/home/vincent-pc/ros2_foxy/src/my_cpp_pkg/src/add_two_ints_client_no_oop.cpp:21:55:[m[K [01;36m[Knote: [m[K  candidate expects 3 arguments, 1 provided
[1.751s]    21 |     if (rclcpp::spin_until_future_complete(node future[01;36m[K)[m[K == rclcpp::executor::FutureReturnCode::SUCCESS)
[1.751s]       |                                                       [01;36m[K^[m[K
[1.751s] In file included from [01m[K/opt/ros/foxy/include/rclcpp/rclcpp.hpp:146[m[K,
[1.751s]                  from [01m[K/home/vincent-pc/ros2_foxy/src/my_cpp_pkg/src/add_two_ints_client_no_oop.cpp:1[m[K:
[1.751s] [01m[K/opt/ros/foxy/include/rclcpp/executors.hpp:117:1:[m[K [01;36m[Knote: [m[Kcandidate: â€˜[01m[Ktemplate<class NodeT, class FutureT, class TimeRepT, class TimeT> rclcpp::FutureReturnCode rclcpp::spin_until_future_complete(std::shared_ptr<_Tp>, const std::shared_future<ResponseT>&, std::chrono::duration<_Rep2, _Period2>)[m[Kâ€™
[1.751s]   117 | [01;36m[Kspin_until_future_complete[m[K(
[1.751s]       | [01;36m[K^~~~~~~~~~~~~~~~~~~~~~~~~~[m[K
[1.751s] [01m[K/opt/ros/foxy/include/rclcpp/executors.hpp:117:1:[m[K [01;36m[Knote: [m[K  template argument deduction/substitution failed:
[1.752s] [01m[K/home/vincent-pc/ros2_foxy/src/my_cpp_pkg/src/add_two_ints_client_no_oop.cpp:21:55:[m[K [01;36m[Knote: [m[K  candidate expects 3 arguments, 1 provided
[1.752s]    21 |     if (rclcpp::spin_until_future_complete(node future[01;36m[K)[m[K == rclcpp::executor::FutureReturnCode::SUCCESS)
[1.752s]       |                                                       [01;36m[K^[m[K
[2.350s] make[2]: *** [CMakeFiles/add_two_ints_client_no_oop.dir/build.make:63: CMakeFiles/add_two_ints_client_no_oop.dir/src/add_two_ints_client_no_oop.cpp.o] Error 1
[2.351s] make[1]: *** [CMakeFiles/Makefile2:306: CMakeFiles/add_two_ints_client_no_oop.dir/all] Error 2
[2.351s] make[1]: *** Waiting for unfinished jobs....
[2.791s] [ 92%] [32m[1mLinking CXX executable add_two_ints_server_cpp[0m
[2.988s] [ 92%] Built target add_two_ints_server_cpp
[2.989s] make: *** [Makefile:141: all] Error 2
[2.993s] Invoked command in '/home/vincent-pc/ros2_foxy/build/my_cpp_pkg' returned '2': CMAKE_PREFIX_PATH=${CMAKE_PREFIX_PATH}:/home/vincent-pc/ros2_foxy/install/my_py_pkg:/home/vincent-pc/ros2_ws/install/py_srvcli:/home/vincent-pc/ros2_ws/install/py_pubsub:/home/vincent-pc/ros2_ws/install/my_package_Py:/home/vincent-pc/ros2_ws/install/examples_rclpy_minimal_subscriber:/home/vincent-pc/ros2_ws/install/examples_rclpy_minimal_service:/home/vincent-pc/ros2_ws/install/examples_rclpy_minimal_publisher:/home/vincent-pc/ros2_ws/install/examples_rclpy_minimal_client:/home/vincent-pc/ros2_ws/install/examples_rclpy_minimal_action_server:/home/vincent-pc/ros2_ws/install/examples_rclpy_minimal_action_client:/home/vincent-pc/ros2_ws/install/examples_rclpy_executors:/opt/ros/foxy /usr/bin/cmake --build /home/vincent-pc/ros2_foxy/build/my_cpp_pkg -- -j8 -l8
