-- Found ament_cmake: 0.9.12 (/opt/ros/foxy/share/ament_cmake/cmake)
-- Using PYTHON_EXECUTABLE: /usr/bin/python3
-- Found rclcpp: 2.4.3 (/opt/ros/foxy/share/rclcpp/cmake)
-- Using all available rosidl_typesupport_c: rosidl_typesupport_fastrtps_c;rosidl_typesupport_introspection_c
-- Found rosidl_adapter: 1.3.1 (/opt/ros/foxy/share/rosidl_adapter/cmake)
-- Using all available rosidl_typesupport_cpp: rosidl_typesupport_fastrtps_cpp;rosidl_typesupport_introspection_cpp
-- Found rmw_implementation_cmake: 1.0.4 (/opt/ros/foxy/share/rmw_implementation_cmake/cmake)
-- Using RMW implementation 'rmw_fastrtps_cpp' as default
-- Found example_interfaces: 0.9.1 (/opt/ros/foxy/share/example_interfaces/cmake)
-- Configuring done
-- Generating done
-- Build files have been written to: /home/vincent-pc/ros2_foxy/build/my_cpp_pkg
[35m[1mScanning dependencies of target add_two_ints_server_cpp[0m
[ 16%] Built target smartphone_cpp
[ 33%] Built target cpp_node
[ 50%] Built target robot_news_station_cpp
[ 66%] Built target number_counter_cpp
[ 83%] Built target number_publisher_cpp
[ 91%] [32mBuilding CXX object CMakeFiles/add_two_ints_server_cpp.dir/src/add_two_ints_server.cpp.o[0m
[01m[K/home/vincent-pc/ros2_foxy/src/my_cpp_pkg/src/add_two_ints_server.cpp:11:26:[m[K [01;31m[Kerror: [m[KISO C++ forbids declaration of â€˜[01m[KAddTwoIntsServerNode[m[Kâ€™ with no type [[01;31m[K-fpermissive[m[K]
   11 |     AddTwoIntsServerNode([01;31m[K)[m[K : Node("add_two_ints_server_cpp")
      |                          [01;31m[K^[m[K
[01m[K/home/vincent-pc/ros2_foxy/src/my_cpp_pkg/src/add_two_ints_server.cpp:21:9:[m[K [01;31m[Kerror: [m[KISO C++ forbids declaration of â€˜[01m[Kparameter[m[Kâ€™ with no type [[01;31m[K-fpermissive[m[K]
   21 |         [01;31m[Kconst[m[K <example_interfaces::srv::AddTwoInts::Request::SharedPtr> request,
      |         [01;31m[K^~~~~[m[K
[01m[K/home/vincent-pc/ros2_foxy/src/my_cpp_pkg/src/add_two_ints_server.cpp:21:15:[m[K [01;31m[Kerror: [m[Kexpected â€˜[01m[K,[m[Kâ€™ or â€˜[01m[K...[m[Kâ€™ before â€˜[01m[K<[m[Kâ€™ token
   21 |         const [01;31m[K<[m[Kexample_interfaces::srv::AddTwoInts::Request::SharedPtr> request,
      |               [01;31m[K^[m[K
[01m[K/home/vincent-pc/ros2_foxy/src/my_cpp_pkg/src/add_two_ints_server.cpp:[m[K In member function â€˜[01m[Kint MyCustomNode::AddTwoIntsServerNode()[m[Kâ€™:
[01m[K/home/vincent-pc/ros2_foxy/src/my_cpp_pkg/src/add_two_ints_server.cpp:11:30:[m[K [01;31m[Kerror: [m[Konly constructors take member initializers
   11 |     AddTwoIntsServerNode() : [01;31m[KNode[m[K("add_two_ints_server_cpp")
      |                              [01;31m[K^~~~[m[K
[01m[K/home/vincent-pc/ros2_foxy/src/my_cpp_pkg/src/add_two_ints_server.cpp:15:26:[m[K [01;31m[Kerror: [m[Kâ€˜[01m[KAddTwoIntsServerNode[m[Kâ€™ is not a class, namespace, or enumeration
   15 |                         &[01;31m[KAddTwoIntsServerNode[m[K::callbackAddTwoInts, this, _1, _2));
      |                          [01;31m[K^~~~~~~~~~~~~~~~~~~~[m[K
[01m[K/home/vincent-pc/ros2_foxy/src/my_cpp_pkg/src/add_two_ints_server.cpp:17:5:[m[K [01;31m[Kerror: [m[Kexpected â€˜[01m[K;[m[Kâ€™ before â€˜[01m[K}[m[Kâ€™ token
   17 |     [01;31m[K}[m[K
      |     [01;31m[K^[m[K
[01m[K/home/vincent-pc/ros2_foxy/src/my_cpp_pkg/src/add_two_ints_server.cpp:17:5:[m[K [01;35m[Kwarning: [m[Kno return statement in function returning non-void [[01;35m[K-Wreturn-type[m[K]
[01m[K/home/vincent-pc/ros2_foxy/src/my_cpp_pkg/src/add_two_ints_server.cpp:[m[K In member function â€˜[01m[Kvoid MyCustomNode::callbackAddTwoInts(int)[m[Kâ€™:
[01m[K/home/vincent-pc/ros2_foxy/src/my_cpp_pkg/src/add_two_ints_server.cpp:24:9:[m[K [01;31m[Kerror: [m[Kâ€˜[01m[Kresponse[m[Kâ€™ was not declared in this scope
   24 |         [01;31m[Kresponse[m[K->sum = request -> a + request ->b;
      |         [01;31m[K^~~~~~~~[m[K
[01m[K/home/vincent-pc/ros2_foxy/src/my_cpp_pkg/src/add_two_ints_server.cpp:24:25:[m[K [01;31m[Kerror: [m[Kâ€˜[01m[Krequest[m[Kâ€™ was not declared in this scope
   24 |         response->sum = [01;31m[Krequest[m[K -> a + request ->b;
      |                         [01;31m[K^~~~~~~[m[K
[01m[K/home/vincent-pc/ros2_foxy/src/my_cpp_pkg/src/add_two_ints_server.cpp:[m[K In function â€˜[01m[Kint main(int, char**)[m[Kâ€™:
[01m[K/home/vincent-pc/ros2_foxy/src/my_cpp_pkg/src/add_two_ints_server.cpp:35:34:[m[K [01;31m[Kerror: [m[Kâ€˜[01m[KAddTwoIntsServerNode[m[Kâ€™ was not declared in this scope
   35 |     auto node = std::make_shared<[01;31m[KAddTwoIntsServerNode[m[K>();
      |                                  [01;31m[K^~~~~~~~~~~~~~~~~~~~[m[K
[01m[K/home/vincent-pc/ros2_foxy/src/my_cpp_pkg/src/add_two_ints_server.cpp:35:56:[m[K [01;31m[Kerror: [m[Kno matching function for call to â€˜[01m[Kmake_shared<<expression error> >()[m[Kâ€™
   35 |     auto node = std::make_shared<AddTwoIntsServerNode>([01;31m[K)[m[K;
      |                                                        [01;31m[K^[m[K
In file included from [01m[K/usr/include/c++/9/memory:81[m[K,
                 from [01m[K/opt/ros/foxy/include/rclcpp/rclcpp.hpp:144[m[K,
                 from [01m[K/home/vincent-pc/ros2_foxy/src/my_cpp_pkg/src/add_two_ints_server.cpp:1[m[K:
[01m[K/usr/include/c++/9/bits/shared_ptr.h:714:5:[m[K [01;36m[Knote: [m[Kcandidate: â€˜[01m[Ktemplate<class _Tp, class ... _Args> std::shared_ptr<_Tp> std::make_shared(_Args&& ...)[m[Kâ€™
  714 |     [01;36m[Kmake_shared[m[K(_Args&&... __args)
      |     [01;36m[K^~~~~~~~~~~[m[K
[01m[K/usr/include/c++/9/bits/shared_ptr.h:714:5:[m[K [01;36m[Knote: [m[K  template argument deduction/substitution failed:
[01m[K/home/vincent-pc/ros2_foxy/src/my_cpp_pkg/src/add_two_ints_server.cpp:35:56:[m[K [01;31m[Kerror: [m[Ktemplate argument 1 is invalid
   35 |     auto node = std::make_shared<AddTwoIntsServerNode>([01;31m[K)[m[K;
      |                                                        [01;31m[K^[m[K
make[2]: *** [CMakeFiles/add_two_ints_server_cpp.dir/build.make:63: CMakeFiles/add_two_ints_server_cpp.dir/src/add_two_ints_server.cpp.o] Error 1
make[1]: *** [CMakeFiles/Makefile2:115: CMakeFiles/add_two_ints_server_cpp.dir/all] Error 2
make: *** [Makefile:141: all] Error 2
