[35m[1mScanning dependencies of target led_panel_cpp[0m
[  4%] [32mBuilding CXX object CMakeFiles/led_panel_cpp.dir/src/led_panel.cpp.o[0m
[ 12%] Built target hardware_status_publisher_cpp
[ 20%] Built target cpp_node
[ 29%] Built target robot_news_station_cpp
[ 37%] Built target add_two_ints_server_cpp
[ 45%] Built target number_counter_cpp
[ 54%] Built target smartphone_cpp
[ 62%] Built target add_two_ints_client_no_oop
[ 70%] Built target add_two_ints_client
[ 79%] Built target number_publisher_cpp
[ 87%] Built target reset_number_client
[ 95%] Built target number_counter_server_cpp
[01m[K/home/vincent-pc/ros2_foxy/src/my_cpp_pkg/src/led_panel.cpp:26:5:[m[K [01;31m[Kerror: [m[Kinvalid use of template-name â€˜[01m[Kstd::vector[m[Kâ€™ without an argument list
   26 |     [01;31m[Kstd[m[K::vector led_states_ = {0, 0, 0};
      |     [01;31m[K^~~[m[K
[01m[K/home/vincent-pc/ros2_foxy/src/my_cpp_pkg/src/led_panel.cpp:26:5:[m[K [01;36m[Knote: [m[Kclass template argument deduction is only available with â€˜[01m[K-std=c++17[m[Kâ€™ or â€˜[01m[K-std=gnu++17[m[Kâ€™
In file included from [01m[K/usr/include/c++/9/vector:67[m[K,
                 from [01m[K/opt/ros/foxy/include/rclcpp/executor.hpp:27[m[K,
                 from [01m[K/opt/ros/foxy/include/rclcpp/executors/multi_threaded_executor.hpp:26[m[K,
                 from [01m[K/opt/ros/foxy/include/rclcpp/executors.hpp:21[m[K,
                 from [01m[K/opt/ros/foxy/include/rclcpp/rclcpp.hpp:146[m[K,
                 from [01m[K/home/vincent-pc/ros2_foxy/src/my_cpp_pkg/src/led_panel.cpp:1[m[K:
[01m[K/usr/include/c++/9/bits/stl_vector.h:386:11:[m[K [01;36m[Knote: [m[Kâ€˜[01m[Ktemplate<class _Tp, class _Alloc> class std::vector[m[Kâ€™ declared here
  386 |     class [01;36m[Kvector[m[K : protected _Vector_base<_Tp, _Alloc>
      |           [01;36m[K^~~~~~[m[K
[01m[K/home/vincent-pc/ros2_foxy/src/my_cpp_pkg/src/led_panel.cpp:26:40:[m[K [01;35m[Kwarning: [m[Kextra â€˜[01m[K;[m[Kâ€™ [[01;35m[K-Wpedantic[m[K]
   26 |     std::vector led_states_ = {0, 0, 0}[01;35m[K;[m[K
      |                                        [01;35m[K^[m[K
      |                                        [31m[K-[m[K
[01m[K/home/vincent-pc/ros2_foxy/src/my_cpp_pkg/src/led_panel.cpp:[m[K In member function â€˜[01m[Kvoid LedPanelNode::publish_led_states()[m[Kâ€™:
[01m[K/home/vincent-pc/ros2_foxy/src/my_cpp_pkg/src/led_panel.cpp:22:26:[m[K [01;31m[Kerror: [m[Kâ€˜[01m[Kled_states_[m[Kâ€™ was not declared in this scope
   22 |         msg.led_states = [01;31m[Kled_states_[m[K;
      |                          [01;31m[K^~~~~~~~~~~[m[K
make[2]: *** [CMakeFiles/led_panel_cpp.dir/build.make:63: CMakeFiles/led_panel_cpp.dir/src/led_panel.cpp.o] Error 1
make[1]: *** [CMakeFiles/Makefile2:100: CMakeFiles/led_panel_cpp.dir/all] Error 2
make: *** [Makefile:141: all] Error 2
