<?xml version="1.0" encoding="UTF-8"?>
<Site BuildName="(empty)"
	BuildStamp="20250527-0303-Experimental"
	Name="vincentpc-Aspire-A315-57G"
	Generator="ctest-3.16.3"
	CompilerName="/usr/bin/c++"
	CompilerVersion="9.4.0"
	OSName="Linux"
	Hostname="vincentpc-Aspire-A315-57G"
	OSRelease="5.4.0-216-generic"
	OSVersion="#236-Ubuntu SMP Fri Apr 11 19:53:21 UTC 2025"
	OSPlatform="x86_64"
	Is64Bits="1"
	VendorString="GenuineIntel"
	VendorID="Intel Corporation"
	FamilyID="6"
	ModelID="126"
	ProcessorCacheSize="6144"
	NumberOfLogicalCPU="8"
	NumberOfPhysicalCPU="4"
	TotalVirtualMemory="4290"
	TotalPhysicalMemory="7719"
	LogicalProcessorsPerPhysical="2"
	ProcessorClockFrequency="2000"
	>
	<Testing>
		<StartDateTime>May 27 16:37 -05</StartDateTime>
		<StartTestTime>1748381821</StartTestTime>
		<TestList/>
		<EndDateTime>May 27 16:37 -05</EndDateTime>
		<EndTestTime>1748381821</EndTestTime>
		<ElapsedMinutes>0</ElapsedMinutes>
	</Testing>
</Site>
