[0.016s] Invoking command in '/home/vincent-pc/ros2_foxy/build/turtlesim_catch_them_all_cpp': CMAKE_PREFIX_PATH=${CMAKE_PREFIX_PATH}:/home/vincent-pc/ros2_foxy/install/turtlesim_catch_them_all_py:/home/vincent-pc/ros2_foxy/install/my_py_pkg:/opt/ros/foxy /usr/bin/cmake --build /home/vincent-pc/ros2_foxy/build/turtlesim_catch_them_all_cpp -- -j8 -l8
[0.065s] [35m[1mScanning dependencies of target controller[0m
[0.092s] [ 50%] [32mBuilding CXX object CMakeFiles/controller.dir/src/turtle_controller.cpp.o[0m
[1.420s] [01m[K/home/vincent-pc/ros2_foxy/src/turtlesim_catch_them_all_cpp/src/turtle_controller.cpp:[m[K In constructor â€˜[01m[KTurtleControllerNode::TurtleControllerNode()[m[Kâ€™:
[1.420s] [01m[K/home/vincent-pc/ros2_foxy/src/turtlesim_catch_them_all_cpp/src/turtle_controller.cpp:17:53:[m[K [01;31m[Kerror: [m[Kâ€˜[01m[Kgeometry_msg[m[Kâ€™ was not declared in this scope; did you mean â€˜[01m[Kgeometry_msgs[m[Kâ€™?
[1.420s]    17 |         cmd_vel_publisher_ = this->create_publisher<[01;31m[Kgeometry_msg[m[K::msg::Twist>(name_ + "/cmd_vel", 10);
[1.420s]       |                                                     [01;31m[K^~~~~~~~~~~~[m[K
[1.420s]       |                                                     [32m[Kgeometry_msgs[m[K
[1.420s] [01m[K/home/vincent-pc/ros2_foxy/src/turtlesim_catch_them_all_cpp/src/turtle_controller.cpp:17:36:[m[K [01;31m[Kerror: [m[Kparse error in template argument list
[1.420s]    17 |         cmd_vel_publisher_ = this->[01;31m[Kcreate_publisher<geometry_msg::msg::Twist>[m[K(name_ + "/cmd_vel", 10);
[1.420s]       |                                    [01;31m[K^~~~~~~~~~~~~~~~~~~~~~~~~~~~~~~~~~~~~~~~~~[m[K
[1.420s] [01m[K/home/vincent-pc/ros2_foxy/src/turtlesim_catch_them_all_cpp/src/turtle_controller.cpp:17:101:[m[K [01;31m[Kerror: [m[Kno matching function for call to â€˜[01m[KTurtleControllerNode::create_publisher<<expression error> >(std::__cxx11::basic_string<char>, int)[m[Kâ€™
[1.420s]    17 | e_publisher<geometry_msg::msg::Twist>(name_ + "/cmd_vel", 10[01;31m[K)[m[K;
[1.420s]       |                                                             [01;31m[K^[m[K
[1.420s] 
[1.420s] In file included from [01m[K/opt/ros/foxy/include/rclcpp/executors/single_threaded_executor.hpp:28[m[K,
[1.420s]                  from [01m[K/opt/ros/foxy/include/rclcpp/executors.hpp:22[m[K,
[1.421s]                  from [01m[K/opt/ros/foxy/include/rclcpp/rclcpp.hpp:146[m[K,
[1.421s]                  from [01m[K/home/vincent-pc/ros2_foxy/src/turtlesim_catch_them_all_cpp/src/turtle_controller.cpp:1[m[K:
[1.421s] [01m[K/opt/ros/foxy/include/rclcpp/node.hpp:184:3:[m[K [01;36m[Knote: [m[Kcandidate: â€˜[01m[Ktemplate<class MessageT, class AllocatorT, class PublisherT> std::shared_ptr<PublisherT> rclcpp::Node::create_publisher(const string&, const rclcpp::QoS&, const rclcpp::PublisherOptionsWithAllocator<AllocatorT>&)[m[Kâ€™
[1.421s]   184 |   [01;36m[Kcreate_publisher[m[K(
[1.421s]       |   [01;36m[K^~~~~~~~~~~~~~~~[m[K
[1.421s] [01m[K/opt/ros/foxy/include/rclcpp/node.hpp:184:3:[m[K [01;36m[Knote: [m[K  template argument deduction/substitution failed:
[1.421s] [01m[K/home/vincent-pc/ros2_foxy/src/turtlesim_catch_them_all_cpp/src/turtle_controller.cpp:17:101:[m[K [01;31m[Kerror: [m[Ktemplate argument 1 is invalid
[1.421s]    17 | e_publisher<geometry_msg::msg::Twist>(name_ + "/cmd_vel", 10[01;31m[K)[m[K;
[1.421s]       |                                                             [01;31m[K^[m[K
[1.421s] 
[1.423s] [01m[K/home/vincent-pc/ros2_foxy/src/turtlesim_catch_them_all_cpp/src/turtle_controller.cpp:19:9:[m[K [01;31m[Kerror: [m[Kâ€˜[01m[Kpose_subcriber_[m[Kâ€™ was not declared in this scope; did you mean â€˜[01m[Kcount_subscribers[m[Kâ€™?
[1.424s]    19 |         [01;31m[Kpose_subcriber_[m[K = this->create_subscription<turtlesim::msg::Pose>(
[1.424s]       |         [01;31m[K^~~~~~~~~~~~~~~[m[K
[1.424s]       |         [32m[Kcount_subscribers[m[K
[1.445s] [01m[K/home/vincent-pc/ros2_foxy/src/turtlesim_catch_them_all_cpp/src/turtle_controller.cpp:22:65:[m[K [01;31m[Kerror: [m[Kno match for â€˜[01m[Koperator=[m[Kâ€™ (operand types are â€˜[01m[Krclcpp::Subscription<turtlesim::msg::Pose_<std::allocator<void> > >::SharedPtr[m[Kâ€™ {aka â€˜[01m[Kstd::shared_ptr<rclcpp::Subscription<turtlesim::msg::Pose_<std::allocator<void> > > >[m[Kâ€™} and â€˜[01m[Krclcpp::WallTimer<std::_Bind<void (TurtleControllerNode::*(TurtleControllerNode*))()>, 0>::SharedPtr[m[Kâ€™ {aka â€˜[01m[Kstd::shared_ptr<rclcpp::WallTimer<std::_Bind<void (TurtleControllerNode::*(TurtleControllerNode*))()>, 0> >[m[Kâ€™})
[1.445s]    22 |             std::bind(&TurtleControllerNode::control_loop, this)[01;31m[K)[m[K;
[1.445s]       |                                                                 [01;31m[K^[m[K
[1.445s] In file included from [01m[K/usr/include/c++/9/memory:81[m[K,
[1.445s]                  from [01m[K/opt/ros/foxy/include/rclcpp/rclcpp.hpp:144[m[K,
[1.445s]                  from [01m[K/home/vincent-pc/ros2_foxy/src/turtlesim_catch_them_all_cpp/src/turtle_controller.cpp:1[m[K:
[1.445s] [01m[K/usr/include/c++/9/bits/shared_ptr.h:309:19:[m[K [01;36m[Knote: [m[Kcandidate: â€˜[01m[Kstd::shared_ptr<_Tp>& std::shared_ptr<_Tp>::operator=(const std::shared_ptr<_Tp>&) [with _Tp = rclcpp::Subscription<turtlesim::msg::Pose_<std::allocator<void> > >][m[Kâ€™
[1.445s]   309 |       shared_ptr& [01;36m[Koperator[m[K=(const shared_ptr&) noexcept = default;
[1.445s]       |                   [01;36m[K^~~~~~~~[m[K
[1.445s] [01m[K/usr/include/c++/9/bits/shared_ptr.h:309:29:[m[K [01;36m[Knote: [m[K  no known conversion for argument 1 from â€˜[01m[Krclcpp::WallTimer<std::_Bind<void (TurtleControllerNode::*(TurtleControllerNode*))()>, 0>::SharedPtr[m[Kâ€™ {aka â€˜[01m[Kstd::shared_ptr<rclcpp::WallTimer<std::_Bind<void (TurtleControllerNode::*(TurtleControllerNode*))()>, 0> >[m[Kâ€™} to â€˜[01m[Kconst std::shared_ptr<rclcpp::Subscription<turtlesim::msg::Pose_<std::allocator<void> > > >&[m[Kâ€™
[1.445s]   309 |       shared_ptr& operator=([01;36m[Kconst shared_ptr&[m[K) noexcept = default;
[1.445s]       |                             [01;36m[K^~~~~~~~~~~~~~~~~[m[K
[1.445s] [01m[K/usr/include/c++/9/bits/shared_ptr.h:313:2:[m[K [01;36m[Knote: [m[Kcandidate: â€˜[01m[Ktemplate<class _Yp> std::shared_ptr<_Tp>::_Assignable<const std::shared_ptr<_Yp>&> std::shared_ptr<_Tp>::operator=(const std::shared_ptr<_Yp>&) [with _Yp = _Yp; _Tp = rclcpp::Subscription<turtlesim::msg::Pose_<std::allocator<void> > >][m[Kâ€™
[1.446s]   313 |  [01;36m[Koperator[m[K=(const shared_ptr<_Yp>& __r) noexcept
[1.446s]       |  [01;36m[K^~~~~~~~[m[K
[1.446s] [01m[K/usr/include/c++/9/bits/shared_ptr.h:313:2:[m[K [01;36m[Knote: [m[K  template argument deduction/substitution failed:
[1.446s] /usr/include/c++/9/bits/shared_ptr.h: In substitution of â€˜[01m[Ktemplate<class _Tp> template<class _Arg> using _Assignable = typename std::enable_if<std::is_assignable<std::__shared_ptr<_Tp>&, _Arg>::value, std::shared_ptr<_Tp>&>::type [with _Arg = const std::shared_ptr<rclcpp::WallTimer<std::_Bind<void (TurtleControllerNode::*(TurtleControllerNode*))()>, 0> >&; _Tp = rclcpp::Subscription<turtlesim::msg::Pose_<std::allocator<void> > >][m[Kâ€™:
[1.446s] [01m[K/usr/include/c++/9/bits/shared_ptr.h:313:2:[m[K   required by substitution of â€˜[01m[Ktemplate<class _Yp> std::shared_ptr<rclcpp::Subscription<turtlesim::msg::Pose_<std::allocator<void> > > >::_Assignable<const std::shared_ptr<_Tp>&> std::shared_ptr<rclcpp::Subscription<turtlesim::msg::Pose_<std::allocator<void> > > >::operator=<_Yp>(const std::shared_ptr<_Tp>&) [with _Yp = rclcpp::WallTimer<std::_Bind<void (TurtleControllerNode::*(TurtleControllerNode*))()>, 0>][m[Kâ€™
[1.446s] [01m[K/home/vincent-pc/ros2_foxy/src/turtlesim_catch_them_all_cpp/src/turtle_controller.cpp:22:65:[m[K   required from here
[1.446s] [01m[K/usr/include/c++/9/bits/shared_ptr.h:111:8:[m[K [01;31m[Kerror: [m[Kno type named â€˜[01m[Ktype[m[Kâ€™ in â€˜[01m[Kstruct std::enable_if<false, std::shared_ptr<rclcpp::Subscription<turtlesim::msg::Pose_<std::allocator<void> > > >&>[m[Kâ€™
[1.446s]   111 |  using [01;31m[K_Assignable[m[K = typename enable_if<
[1.446s]       |        [01;31m[K^~~~~~~~~~~[m[K
[1.446s] [01m[K/usr/include/c++/9/bits/shared_ptr.h:324:2:[m[K [01;36m[Knote: [m[Kcandidate: â€˜[01m[Ktemplate<class _Yp> std::shared_ptr<_Tp>::_Assignable<std::auto_ptr<_Up> > std::shared_ptr<_Tp>::operator=(std::auto_ptr<_Up>&&) [with _Yp = _Yp; _Tp = rclcpp::Subscription<turtlesim::msg::Pose_<std::allocator<void> > >][m[Kâ€™
[1.446s]   324 |  [01;36m[Koperator[m[K=(auto_ptr<_Yp>&& __r)
[1.446s]       |  [01;36m[K^~~~~~~~[m[K
[1.446s] [01m[K/usr/include/c++/9/bits/shared_ptr.h:324:2:[m[K [01;36m[Knote: [m[K  template argument deduction/substitution failed:
[1.446s] [01m[K/home/vincent-pc/ros2_foxy/src/turtlesim_catch_them_all_cpp/src/turtle_controller.cpp:22:65:[m[K [01;36m[Knote: [m[K  â€˜[01m[Krclcpp::WallTimer<std::_Bind<void (TurtleControllerNode::*(TurtleControllerNode*))()>, 0>::SharedPtr[m[Kâ€™ {aka â€˜[01m[Kstd::shared_ptr<rclcpp::WallTimer<std::_Bind<void (TurtleControllerNode::*(TurtleControllerNode*))()>, 0> >[m[Kâ€™} is not derived from â€˜[01m[Kstd::auto_ptr<_Up>[m[Kâ€™
[1.446s]    22 |             std::bind(&TurtleControllerNode::control_loop, this)[01;36m[K)[m[K;
[1.446s]       |                                                                 [01;36m[K^[m[K
[1.446s] In file included from [01m[K/usr/include/c++/9/memory:81[m[K,
[1.446s]                  from [01m[K/opt/ros/foxy/include/rclcpp/rclcpp.hpp:144[m[K,
[1.446s]                  from [01m[K/home/vincent-pc/ros2_foxy/src/turtlesim_catch_them_all_cpp/src/turtle_controller.cpp:1[m[K:
[1.447s] [01m[K/usr/include/c++/9/bits/shared_ptr.h:333:7:[m[K [01;36m[Knote: [m[Kcandidate: â€˜[01m[Kstd::shared_ptr<_Tp>& std::shared_ptr<_Tp>::operator=(std::shared_ptr<_Tp>&&) [with _Tp = rclcpp::Subscription<turtlesim::msg::Pose_<std::allocator<void> > >][m[Kâ€™
[1.447s]   333 |       [01;36m[Koperator[m[K=(shared_ptr&& __r) noexcept
[1.447s]       |       [01;36m[K^~~~~~~~[m[K
[1.447s] [01m[K/usr/include/c++/9/bits/shared_ptr.h:333:30:[m[K [01;36m[Knote: [m[K  no known conversion for argument 1 from â€˜[01m[Krclcpp::WallTimer<std::_Bind<void (TurtleControllerNode::*(TurtleControllerNode*))()>, 0>::SharedPtr[m[Kâ€™ {aka â€˜[01m[Kstd::shared_ptr<rclcpp::WallTimer<std::_Bind<void (TurtleControllerNode::*(TurtleControllerNode*))()>, 0> >[m[Kâ€™} to â€˜[01m[Kstd::shared_ptr<rclcpp::Subscription<turtlesim::msg::Pose_<std::allocator<void> > > >&&[m[Kâ€™
[1.447s]   333 |       operator=([01;36m[Kshared_ptr&& __r[m[K) noexcept
[1.447s]       |                 [01;36m[K~~~~~~~~~~~~~^~~[m[K
[1.447s] [01m[K/usr/include/c++/9/bits/shared_ptr.h:341:2:[m[K [01;36m[Knote: [m[Kcandidate: â€˜[01m[Ktemplate<class _Yp> std::shared_ptr<_Tp>::_Assignable<std::shared_ptr<_Yp> > std::shared_ptr<_Tp>::operator=(std::shared_ptr<_Yp>&&) [with _Yp = _Yp; _Tp = rclcpp::Subscription<turtlesim::msg::Pose_<std::allocator<void> > >][m[Kâ€™
[1.447s]   341 |  [01;36m[Koperator[m[K=(shared_ptr<_Yp>&& __r) noexcept
[1.447s]       |  [01;36m[K^~~~~~~~[m[K
[1.447s] [01m[K/usr/include/c++/9/bits/shared_ptr.h:341:2:[m[K [01;36m[Knote: [m[K  template argument deduction/substitution failed:
[1.447s] /usr/include/c++/9/bits/shared_ptr.h: In substitution of â€˜[01m[Ktemplate<class _Tp> template<class _Arg> using _Assignable = typename std::enable_if<std::is_assignable<std::__shared_ptr<_Tp>&, _Arg>::value, std::shared_ptr<_Tp>&>::type [with _Arg = std::shared_ptr<rclcpp::WallTimer<std::_Bind<void (TurtleControllerNode::*(TurtleControllerNode*))()>, 0> >; _Tp = rclcpp::Subscription<turtlesim::msg::Pose_<std::allocator<void> > >][m[Kâ€™:
[1.447s] [01m[K/usr/include/c++/9/bits/shared_ptr.h:341:2:[m[K   required by substitution of â€˜[01m[Ktemplate<class _Yp> std::shared_ptr<rclcpp::Subscription<turtlesim::msg::Pose_<std::allocator<void> > > >::_Assignable<std::shared_ptr<_Tp> > std::shared_ptr<rclcpp::Subscription<turtlesim::msg::Pose_<std::allocator<void> > > >::operator=<_Yp>(std::shared_ptr<_Tp>&&) [with _Yp = rclcpp::WallTimer<std::_Bind<void (TurtleControllerNode::*(TurtleControllerNode*))()>, 0>][m[Kâ€™
[1.447s] [01m[K/home/vincent-pc/ros2_foxy/src/turtlesim_catch_them_all_cpp/src/turtle_controller.cpp:22:65:[m[K   required from here
[1.447s] [01m[K/usr/include/c++/9/bits/shared_ptr.h:111:8:[m[K [01;31m[Kerror: [m[Kno type named â€˜[01m[Ktype[m[Kâ€™ in â€˜[01m[Kstruct std::enable_if<false, std::shared_ptr<rclcpp::Subscription<turtlesim::msg::Pose_<std::allocator<void> > > >&>[m[Kâ€™
[1.448s]   111 |  using [01;31m[K_Assignable[m[K = typename enable_if<
[1.448s]       |        [01;31m[K^~~~~~~~~~~[m[K
[1.448s] [01m[K/usr/include/c++/9/bits/shared_ptr.h:349:2:[m[K [01;36m[Knote: [m[Kcandidate: â€˜[01m[Ktemplate<class _Yp, class _Del> std::shared_ptr<_Tp>::_Assignable<std::unique_ptr<_Up, _Ep> > std::shared_ptr<_Tp>::operator=(std::unique_ptr<_Up, _Ep>&&) [with _Yp = _Yp; _Del = _Del; _Tp = rclcpp::Subscription<turtlesim::msg::Pose_<std::allocator<void> > >][m[Kâ€™
[1.448s]   349 |  [01;36m[Koperator[m[K=(unique_ptr<_Yp, _Del>&& __r)
[1.448s]       |  [01;36m[K^~~~~~~~[m[K
[1.448s] [01m[K/usr/include/c++/9/bits/shared_ptr.h:349:2:[m[K [01;36m[Knote: [m[K  template argument deduction/substitution failed:
[1.448s] [01m[K/home/vincent-pc/ros2_foxy/src/turtlesim_catch_them_all_cpp/src/turtle_controller.cpp:22:65:[m[K [01;36m[Knote: [m[K  â€˜[01m[Krclcpp::WallTimer<std::_Bind<void (TurtleControllerNode::*(TurtleControllerNode*))()>, 0>::SharedPtr[m[Kâ€™ {aka â€˜[01m[Kstd::shared_ptr<rclcpp::WallTimer<std::_Bind<void (TurtleControllerNode::*(TurtleControllerNode*))()>, 0> >[m[Kâ€™} is not derived from â€˜[01m[Kstd::unique_ptr<_Tp, _Dp>[m[Kâ€™
[1.448s]    22 |             std::bind(&TurtleControllerNode::control_loop, this)[01;36m[K)[m[K;
[1.448s]       |                                                                 [01;36m[K^[m[K
[1.448s] [01m[K/home/vincent-pc/ros2_foxy/src/turtlesim_catch_them_all_cpp/src/turtle_controller.cpp:[m[K In member function â€˜[01m[Kvoid TurtleControllerNode::control_loop()[m[Kâ€™:
[1.448s] [01m[K/home/vincent-pc/ros2_foxy/src/turtlesim_catch_them_all_cpp/src/turtle_controller.cpp:44:20:[m[K [01;31m[Kerror: [m[Kâ€˜[01m[Kgeometry_msg[m[Kâ€™ has not been declared
[1.448s]    44 |         auto msg = [01;31m[Kgeometry_msg[m[K::msg::Twist();
[1.448s]       |                    [01;31m[K^~~~~~~~~~~~[m[K
[2.798s] make[2]: *** [CMakeFiles/controller.dir/build.make:63: CMakeFiles/controller.dir/src/turtle_controller.cpp.o] Error 1
[2.798s] make[1]: *** [CMakeFiles/Makefile2:78: CMakeFiles/controller.dir/all] Error 2
[2.798s] make: *** [Makefile:141: all] Error 2
[2.801s] Invoked command in '/home/vincent-pc/ros2_foxy/build/turtlesim_catch_them_all_cpp' returned '2': CMAKE_PREFIX_PATH=${CMAKE_PREFIX_PATH}:/home/vincent-pc/ros2_foxy/install/turtlesim_catch_them_all_py:/home/vincent-pc/ros2_foxy/install/my_py_pkg:/opt/ros/foxy /usr/bin/cmake --build /home/vincent-pc/ros2_foxy/build/turtlesim_catch_them_all_cpp -- -j8 -l8
