[01m[K/home/vincent-pc/ros2_foxy/src/my_cpp_pkg/src/robot_news_station.cpp:[m[K In constructor â€˜[01m[KRobotNewsStationNode::RobotNewsStationNode()[m[Kâ€™:
[01m[K/home/vincent-pc/ros2_foxy/src/my_cpp_pkg/src/robot_news_station.cpp:9:68:[m[K [01;31m[Kerror: [m[Kno matching function for call to â€˜[01m[KRobotNewsStationNode::declare_parameters<std::string>(const char [12], const char [5])[m[Kâ€™
    9 |         this->declare_parameters<std::string>("robot_name1", "R2D2"[01;31m[K)[m[K
      |                                                                    [01;31m[K^[m[K
In file included from [01m[K/opt/ros/foxy/include/rclcpp/node.hpp:1224[m[K,
                 from [01m[K/opt/ros/foxy/include/rclcpp/executors/single_threaded_executor.hpp:28[m[K,
                 from [01m[K/opt/ros/foxy/include/rclcpp/executors.hpp:22[m[K,
                 from [01m[K/opt/ros/foxy/include/rclcpp/rclcpp.hpp:146[m[K,
                 from [01m[K/home/vincent-pc/ros2_foxy/src/my_cpp_pkg/src/robot_news_station.cpp:1[m[K:
[01m[K/opt/ros/foxy/include/rclcpp/node_impl.hpp:177:1:[m[K [01;36m[Knote: [m[Kcandidate: â€˜[01m[Kstd::vector<BufferT> rclcpp::Node::declare_parameters(const string&, const std::map<std::__cxx11::basic_string<char>, ParameterT>&, bool) [with ParameterT = std::__cxx11::basic_string<char>; std::string = std::__cxx11::basic_string<char>][m[Kâ€™
  177 | [01;36m[KNode[m[K::declare_parameters(
      | [01;36m[K^~~~[m[K
[01m[K/opt/ros/foxy/include/rclcpp/node_impl.hpp:179:45:[m[K [01;36m[Knote: [m[K  no known conversion for argument 2 from â€˜[01m[Kconst char [5][m[Kâ€™ to â€˜[01m[Kconst std::map<std::__cxx11::basic_string<char>, std::__cxx11::basic_string<char>, std::less<std::__cxx11::basic_string<char> >, std::allocator<std::pair<const std::__cxx11::basic_string<char>, std::__cxx11::basic_string<char> > > >&[m[Kâ€™
  179 |   [01;36m[Kconst std::map<std::string, ParameterT> & parameters[m[K,
      |   [01;36m[K~~~~~~~~~~~~~~~~~~~~~~~~~~~~~~~~~~~~~~~~~~^~~~~~~~~~[m[K
[01m[K/opt/ros/foxy/include/rclcpp/node_impl.hpp:199:1:[m[K [01;36m[Knote: [m[Kcandidate: â€˜[01m[Kstd::vector<BufferT> rclcpp::Node::declare_parameters(const string&, const std::map<std::__cxx11::basic_string<char>, std::pair<ParameterT, rcl_interfaces::msg::ParameterDescriptor_<std::allocator<void> > > >&, bool) [with ParameterT = std::__cxx11::basic_string<char>; std::string = std::__cxx11::basic_string<char>][m[Kâ€™
  199 | [01;36m[KNode[m[K::declare_parameters(
      | [01;36m[K^~~~[m[K
[01m[K/opt/ros/foxy/include/rclcpp/node_impl.hpp:204:7:[m[K [01;36m[Knote: [m[K  no known conversion for argument 2 from â€˜[01m[Kconst char [5][m[Kâ€™ to â€˜[01m[Kconst std::map<std::__cxx11::basic_string<char>, std::pair<std::__cxx11::basic_string<char>, rcl_interfaces::msg::ParameterDescriptor_<std::allocator<void> > >, std::less<std::__cxx11::basic_string<char> >, std::allocator<std::pair<const std::__cxx11::basic_string<char>, std::pair<std::__cxx11::basic_string<char>, rcl_interfaces::msg::ParameterDescriptor_<std::allocator<void> > > > > >&[m[Kâ€™
  201 |   [01;36m[Kconst std::map<[m[K
      |   [01;36m[K~~~~~~~~~~~~~~~[m[K
  202 | [01;36m[K    std::string,[m[K
      |     [01;36m[K~~~~~~~~~~~~[m[K
  203 | [01;36m[K    std::pair<ParameterT, rcl_interfaces::msg::ParameterDescriptor>[m[K
      |     [01;36m[K~~~~~~~~~~~~~~~~~~~~~~~~~~~~~~~~~~~~~~~~~~~~~~~~~~~~~~~~~~~~~~~[m[K
  204 | [01;36m[K  > & parameters[m[K,
      |   [01;36m[K~~~~^~~~~~~~~~[m[K
[01m[K/home/vincent-pc/ros2_foxy/src/my_cpp_pkg/src/robot_news_station.cpp:15:9:[m[K [01;31m[Kerror: [m[Kâ€˜[01m[Ktext1_[m[Kâ€™ was not declared in this scope
   15 |         [01;31m[Ktext1_[m[K =this->get_parameter("text1").as_string();
      |         [01;31m[K^~~~~~[m[K
make[2]: *** [CMakeFiles/robot_news_station_cpp.dir/build.make:63: CMakeFiles/robot_news_station_cpp.dir/src/robot_news_station.cpp.o] Error 1
make[1]: *** [CMakeFiles/Makefile2:262: CMakeFiles/robot_news_station_cpp.dir/all] Error 2
make: *** [Makefile:141: all] Error 2
