<?xml version="1.0" encoding="UTF-8"?>
<Site BuildName="(empty)"
	BuildStamp="20250101-1745-Experimental"
	Name="vincentpc-Aspire-A315-57G"
	Generator="ctest-3.16.3"
	CompilerName="/usr/bin/c++"
	CompilerVersion="9.4.0"
	OSName="Linux"
	Hostname="vincentpc-Aspire-A315-57G"
	OSRelease="5.4.0-204-generic"
	OSVersion="#224-Ubuntu SMP Thu Dec 5 13:38:28 UTC 2024"
	OSPlatform="x86_64"
	Is64Bits="1"
	VendorString="GenuineIntel"
	VendorID="Intel Corporation"
	FamilyID="6"
	ModelID="126"
	ProcessorCacheSize="6144"
	NumberOfLogicalCPU="8"
	NumberOfPhysicalCPU="4"
	TotalVirtualMemory="4290"
	TotalPhysicalMemory="7719"
	LogicalProcessorsPerPhysical="2"
	ProcessorClockFrequency="2896.41"
	>
	<Testing>
		<StartDateTime>Jan 01 13:09 -05</StartDateTime>
		<StartTestTime>1735754981</StartTestTime>
		<TestList/>
		<EndDateTime>Jan 01 13:09 -05</EndDateTime>
		<EndTestTime>1735754981</EndTestTime>
		<ElapsedMinutes>0</ElapsedMinutes>
	</Testing>
</Site>
