[0.014s] Invoking command in '/home/vincent-pc/ros2_foxy/build/my_cpp_pkg': CMAKE_PREFIX_PATH=${CMAKE_PREFIX_PATH}:/home/vincent-pc/ros2_foxy/install/my_py_pkg:/home/vincent-pc/ros2_ws/install/py_srvcli:/home/vincent-pc/ros2_ws/install/py_pubsub:/home/vincent-pc/ros2_ws/install/my_package_Py:/home/vincent-pc/ros2_ws/install/examples_rclpy_minimal_subscriber:/home/vincent-pc/ros2_ws/install/examples_rclpy_minimal_service:/home/vincent-pc/ros2_ws/install/examples_rclpy_minimal_publisher:/home/vincent-pc/ros2_ws/install/examples_rclpy_minimal_client:/home/vincent-pc/ros2_ws/install/examples_rclpy_minimal_action_server:/home/vincent-pc/ros2_ws/install/examples_rclpy_minimal_action_client:/home/vincent-pc/ros2_ws/install/examples_rclpy_executors:/opt/ros/foxy /usr/bin/cmake --build /home/vincent-pc/ros2_foxy/build/my_cpp_pkg -- -j8 -l8
[0.072s] [35m[1mScanning dependencies of target hardware_status_publisher_cpp[0m
[0.103s] [  9%] Built target add_two_ints_server_cpp
[0.105s] [ 18%] Built target smartphone_cpp
[0.106s] [ 27%] Built target add_two_ints_client_no_oop
[0.116s] [ 31%] [32mBuilding CXX object CMakeFiles/hardware_status_publisher_cpp.dir/src/hw_status_publisher.cpp.o[0m
[0.117s] [ 40%] Built target number_counter_cpp
[0.118s] [ 54%] Built target robot_news_station_cpp
[0.119s] [ 59%] Built target cpp_node
[0.122s] [ 68%] Built target number_publisher_cpp
[0.156s] [ 77%] Built target add_two_ints_client
[0.159s] [ 86%] Built target number_counter_server_cpp
[0.160s] [ 95%] Built target reset_number_client
[1.380s] [01m[K/home/vincent-pc/ros2_foxy/src/my_cpp_pkg/src/hw_status_publisher.cpp:17:27:[m[K [01;31m[Kerror: [m[KISO C++ forbids declaration of â€˜[01m[KpublishHardwareStatus[m[Kâ€™ with no type [[01;31m[K-fpermissive[m[K]
[1.380s]    17 |     publishHardwareStatus([01;31m[K)[m[K
[1.380s]       |                           [01;31m[K^[m[K
[1.404s] [01m[K/home/vincent-pc/ros2_foxy/src/my_cpp_pkg/src/hw_status_publisher.cpp:[m[K In member function â€˜[01m[Kint HardwareStatusPublisher::publishHardwareStatus()[m[Kâ€™:
[1.404s] [01m[K/home/vincent-pc/ros2_foxy/src/my_cpp_pkg/src/hw_status_publisher.cpp:24:5:[m[K [01;35m[Kwarning: [m[Kno return statement in function returning non-void [[01;35m[K-Wreturn-type[m[K]
[1.404s]    24 |     [01;35m[K}[m[K
[1.404s]       |     [01;35m[K^[m[K
[2.239s] make[2]: *** [CMakeFiles/hardware_status_publisher_cpp.dir/build.make:63: CMakeFiles/hardware_status_publisher_cpp.dir/src/hw_status_publisher.cpp.o] Error 1
[2.239s] make[1]: *** [CMakeFiles/Makefile2:125: CMakeFiles/hardware_status_publisher_cpp.dir/all] Error 2
[2.239s] make: *** [Makefile:141: all] Error 2
[2.243s] Invoked command in '/home/vincent-pc/ros2_foxy/build/my_cpp_pkg' returned '2': CMAKE_PREFIX_PATH=${CMAKE_PREFIX_PATH}:/home/vincent-pc/ros2_foxy/install/my_py_pkg:/home/vincent-pc/ros2_ws/install/py_srvcli:/home/vincent-pc/ros2_ws/install/py_pubsub:/home/vincent-pc/ros2_ws/install/my_package_Py:/home/vincent-pc/ros2_ws/install/examples_rclpy_minimal_subscriber:/home/vincent-pc/ros2_ws/install/examples_rclpy_minimal_service:/home/vincent-pc/ros2_ws/install/examples_rclpy_minimal_publisher:/home/vincent-pc/ros2_ws/install/examples_rclpy_minimal_client:/home/vincent-pc/ros2_ws/install/examples_rclpy_minimal_action_server:/home/vincent-pc/ros2_ws/install/examples_rclpy_minimal_action_client:/home/vincent-pc/ros2_ws/install/examples_rclpy_executors:/opt/ros/foxy /usr/bin/cmake --build /home/vincent-pc/ros2_foxy/build/my_cpp_pkg -- -j8 -l8
