[35m[1mScanning dependencies of target robot_news_station_cpp[0m
[  8%] Built target hardware_status_publisher_cpp
[ 16%] Built target cpp_node
[ 25%] Built target led_panel_cpp
[ 29%] [32mBuilding CXX object CMakeFiles/robot_news_station_cpp.dir/src/robot_news_station.cpp.o[0m
[ 37%] Built target smartphone_cpp
[ 45%] Built target add_two_ints_server_cpp
[ 54%] Built target add_two_ints_client_no_oop
[ 62%] Built target number_counter_cpp
[ 70%] Built target add_two_ints_client
[ 79%] Built target number_publisher_cpp
[ 87%] Built target reset_number_client
[ 95%] Built target number_counter_server_cpp
[01m[K/home/vincent-pc/ros2_foxy/src/my_cpp_pkg/src/robot_news_station.cpp:[m[K In constructor â€˜[01m[KRobotNewsStationNode::RobotNewsStationNode()[m[Kâ€™:
[01m[K/home/vincent-pc/ros2_foxy/src/my_cpp_pkg/src/robot_news_station.cpp:9:68:[m[K [01;31m[Kerror: [m[Kexpected â€˜[01m[K;[m[Kâ€™ before â€˜[01m[Kthis[m[Kâ€™
    9 |         this->declare_parameter<std::string>("robot_name1", "R2D2")
      |                                                                    [01;31m[K^[m[K
      |                                                                    [32m[K;[m[K
   10 |         [32m[Kthis[m[K->declare_parameter<std::string>("robot_name2", "C3P0")
      |         [32m[K~~~~[m[K                                                        
[01m[K/home/vincent-pc/ros2_foxy/src/my_cpp_pkg/src/robot_news_station.cpp:15:9:[m[K [01;31m[Kerror: [m[Kâ€˜[01m[Ktext1_[m[Kâ€™ was not declared in this scope
   15 |         [01;31m[Ktext1_[m[K =this->get_parameter("text1").as_string();
      |         [01;31m[K^~~~~~[m[K
make[2]: *** [CMakeFiles/robot_news_station_cpp.dir/build.make:63: CMakeFiles/robot_news_station_cpp.dir/src/robot_news_station.cpp.o] Error 1
make[1]: *** [CMakeFiles/Makefile2:262: CMakeFiles/robot_news_station_cpp.dir/all] Error 2
make: *** [Makefile:141: all] Error 2
