[01m[K/home/vincent-pc/ros2_foxy/src/my_cpp_pkg/src/number_publisher.cpp:[m[K In constructor â€˜[01m[KNumberPublisherNode::NumberPublisherNode()[m[Kâ€™:
[01m[K/home/vincent-pc/ros2_foxy/src/my_cpp_pkg/src/number_publisher.cpp:9:90:[m[K [01;31m[Kerror: [m[Kno matching function for call to â€˜[01m[KNumberPublisherNode::create_publisher<example_interfaces::msg::Int64>(const char [11])[m[Kâ€™
    9 | er<example_interfaces::msg::Int64>("number_cpp"[01;31m[K)[m[K
      |                                                [01;31m[K^[m[K

In file included from [01m[K/opt/ros/foxy/include/rclcpp/executors/single_threaded_executor.hpp:28[m[K,
                 from [01m[K/opt/ros/foxy/include/rclcpp/executors.hpp:22[m[K,
                 from [01m[K/opt/ros/foxy/include/rclcpp/rclcpp.hpp:146[m[K,
                 from [01m[K/home/vincent-pc/ros2_foxy/src/my_cpp_pkg/src/number_publisher.cpp:1[m[K:
[01m[K/opt/ros/foxy/include/rclcpp/node.hpp:184:3:[m[K [01;36m[Knote: [m[Kcandidate: â€˜[01m[Ktemplate<class MessageT, class AllocatorT, class PublisherT> std::shared_ptr<PublisherT> rclcpp::Node::create_publisher(const string&, const rclcpp::QoS&, const rclcpp::PublisherOptionsWithAllocator<AllocatorT>&)[m[Kâ€™
  184 |   [01;36m[Kcreate_publisher[m[K(
      |   [01;36m[K^~~~~~~~~~~~~~~~[m[K
[01m[K/opt/ros/foxy/include/rclcpp/node.hpp:184:3:[m[K [01;36m[Knote: [m[K  template argument deduction/substitution failed:
[01m[K/home/vincent-pc/ros2_foxy/src/my_cpp_pkg/src/number_publisher.cpp:9:90:[m[K [01;36m[Knote: [m[K  candidate expects 3 arguments, 1 provided
    9 | er<example_interfaces::msg::Int64>("number_cpp"[01;36m[K)[m[K
      |                                                [01;36m[K^[m[K

[01m[K/home/vincent-pc/ros2_foxy/src/my_cpp_pkg/src/number_publisher.cpp:[m[K In member function â€˜[01m[Kvoid NumberPublisherNode::PublisherNumber()[m[Kâ€™:
[01m[K/home/vincent-pc/ros2_foxy/src/my_cpp_pkg/src/number_publisher.cpp:16:13:[m[K [01;31m[Kerror: [m[Kâ€˜[01m[Kdata[m[Kâ€™ is not a class, namespace, or enumeration
   16 |         msg.[01;31m[Kdata[m[K ::std::int64(number_)
      |             [01;31m[K^~~~[m[K
make[2]: *** [CMakeFiles/number_publisher_cpp.dir/build.make:63: CMakeFiles/number_publisher_cpp.dir/src/number_publisher.cpp.o] Error 1
make[1]: *** [CMakeFiles/Makefile2:84: CMakeFiles/number_publisher_cpp.dir/all] Error 2
make: *** [Makefile:141: all] Error 2
