[0.011s] Invoking command in '/home/vincent-pc/ros2_foxy/build/my_cpp_pkg': CMAKE_PREFIX_PATH=${CMAKE_PREFIX_PATH}:/home/vincent-pc/ros2_foxy/install/my_py_pkg:/home/vincent-pc/ros2_ws/install/py_srvcli:/home/vincent-pc/ros2_ws/install/py_pubsub:/home/vincent-pc/ros2_ws/install/my_package_Py:/home/vincent-pc/ros2_ws/install/examples_rclpy_minimal_subscriber:/home/vincent-pc/ros2_ws/install/examples_rclpy_minimal_service:/home/vincent-pc/ros2_ws/install/examples_rclpy_minimal_publisher:/home/vincent-pc/ros2_ws/install/examples_rclpy_minimal_client:/home/vincent-pc/ros2_ws/install/examples_rclpy_minimal_action_server:/home/vincent-pc/ros2_ws/install/examples_rclpy_minimal_action_client:/home/vincent-pc/ros2_ws/install/examples_rclpy_executors:/opt/ros/foxy /usr/bin/cmake --build /home/vincent-pc/ros2_foxy/build/my_cpp_pkg -- -j8 -l8
[0.036s] -- Found ament_cmake: 0.9.12 (/opt/ros/foxy/share/ament_cmake/cmake)
[0.062s] -- Using PYTHON_EXECUTABLE: /usr/bin/python3
[0.224s] -- Found rclcpp: 2.4.3 (/opt/ros/foxy/share/rclcpp/cmake)
[0.254s] -- Using all available rosidl_typesupport_c: rosidl_typesupport_fastrtps_c;rosidl_typesupport_introspection_c
[0.257s] -- Found rosidl_adapter: 1.3.1 (/opt/ros/foxy/share/rosidl_adapter/cmake)
[0.342s] -- Using all available rosidl_typesupport_cpp: rosidl_typesupport_fastrtps_cpp;rosidl_typesupport_introspection_cpp
[0.389s] -- Found rmw_implementation_cmake: 1.0.4 (/opt/ros/foxy/share/rmw_implementation_cmake/cmake)
[0.391s] -- Using RMW implementation 'rmw_fastrtps_cpp' as default
[0.508s] -- Found example_interfaces: 0.9.1 (/opt/ros/foxy/share/example_interfaces/cmake)
[0.653s] -- Configuring done
[0.670s] -- Generating done
[0.677s] -- Build files have been written to: /home/vincent-pc/ros2_foxy/build/my_cpp_pkg
[0.696s] [35m[1mScanning dependencies of target number_publisher_cpp[0m
[0.717s] [ 25%] Built target robot_news_station_cpp
[0.718s] [ 50%] Built target smartphone_cpp
[0.719s] [ 75%] Built target cpp_node
[0.732s] [ 87%] [32mBuilding CXX object CMakeFiles/number_publisher_cpp.dir/src/number_publisher.cpp.o[0m
[1.761s] [01m[K/home/vincent-pc/ros2_foxy/src/my_cpp_pkg/src/number_publisher.cpp:[m[K In constructor â€˜[01m[KNumberPublisherNode::NumberPublisherNode()[m[Kâ€™:
[1.761s] [01m[K/home/vincent-pc/ros2_foxy/src/my_cpp_pkg/src/number_publisher.cpp:9:90:[m[K [01;31m[Kerror: [m[Kno matching function for call to â€˜[01m[KNumberPublisherNode::create_publisher<example_interfaces::msg::Int64>(const char [11])[m[Kâ€™
[1.761s]     9 | er<example_interfaces::msg::Int64>("number_cpp"[01;31m[K)[m[K
[1.761s]       |                                                [01;31m[K^[m[K
[1.761s] 
[1.761s] In file included from [01m[K/opt/ros/foxy/include/rclcpp/executors/single_threaded_executor.hpp:28[m[K,
[1.761s]                  from [01m[K/opt/ros/foxy/include/rclcpp/executors.hpp:22[m[K,
[1.761s]                  from [01m[K/opt/ros/foxy/include/rclcpp/rclcpp.hpp:146[m[K,
[1.761s]                  from [01m[K/home/vincent-pc/ros2_foxy/src/my_cpp_pkg/src/number_publisher.cpp:1[m[K:
[1.761s] [01m[K/opt/ros/foxy/include/rclcpp/node.hpp:184:3:[m[K [01;36m[Knote: [m[Kcandidate: â€˜[01m[Ktemplate<class MessageT, class AllocatorT, class PublisherT> std::shared_ptr<PublisherT> rclcpp::Node::create_publisher(const string&, const rclcpp::QoS&, const rclcpp::PublisherOptionsWithAllocator<AllocatorT>&)[m[Kâ€™
[1.761s]   184 |   [01;36m[Kcreate_publisher[m[K(
[1.761s]       |   [01;36m[K^~~~~~~~~~~~~~~~[m[K
[1.761s] [01m[K/opt/ros/foxy/include/rclcpp/node.hpp:184:3:[m[K [01;36m[Knote: [m[K  template argument deduction/substitution failed:
[1.761s] [01m[K/home/vincent-pc/ros2_foxy/src/my_cpp_pkg/src/number_publisher.cpp:9:90:[m[K [01;36m[Knote: [m[K  candidate expects 3 arguments, 1 provided
[1.761s]     9 | er<example_interfaces::msg::Int64>("number_cpp"[01;36m[K)[m[K
[1.761s]       |                                                [01;36m[K^[m[K
[1.762s] 
[1.762s] [01m[K/home/vincent-pc/ros2_foxy/src/my_cpp_pkg/src/number_publisher.cpp:[m[K In member function â€˜[01m[Kvoid NumberPublisherNode::PublisherNumber()[m[Kâ€™:
[1.762s] [01m[K/home/vincent-pc/ros2_foxy/src/my_cpp_pkg/src/number_publisher.cpp:16:13:[m[K [01;31m[Kerror: [m[Kâ€˜[01m[Kdata[m[Kâ€™ is not a class, namespace, or enumeration
[1.762s]    16 |         msg.[01;31m[Kdata[m[K ::std::int64(number_)
[1.762s]       |             [01;31m[K^~~~[m[K
[2.071s] make[2]: *** [CMakeFiles/number_publisher_cpp.dir/build.make:63: CMakeFiles/number_publisher_cpp.dir/src/number_publisher.cpp.o] Error 1
[2.071s] make[1]: *** [CMakeFiles/Makefile2:84: CMakeFiles/number_publisher_cpp.dir/all] Error 2
[2.071s] make: *** [Makefile:141: all] Error 2
[2.073s] Invoked command in '/home/vincent-pc/ros2_foxy/build/my_cpp_pkg' returned '2': CMAKE_PREFIX_PATH=${CMAKE_PREFIX_PATH}:/home/vincent-pc/ros2_foxy/install/my_py_pkg:/home/vincent-pc/ros2_ws/install/py_srvcli:/home/vincent-pc/ros2_ws/install/py_pubsub:/home/vincent-pc/ros2_ws/install/my_package_Py:/home/vincent-pc/ros2_ws/install/examples_rclpy_minimal_subscriber:/home/vincent-pc/ros2_ws/install/examples_rclpy_minimal_service:/home/vincent-pc/ros2_ws/install/examples_rclpy_minimal_publisher:/home/vincent-pc/ros2_ws/install/examples_rclpy_minimal_client:/home/vincent-pc/ros2_ws/install/examples_rclpy_minimal_action_server:/home/vincent-pc/ros2_ws/install/examples_rclpy_minimal_action_client:/home/vincent-pc/ros2_ws/install/examples_rclpy_executors:/opt/ros/foxy /usr/bin/cmake --build /home/vincent-pc/ros2_foxy/build/my_cpp_pkg -- -j8 -l8
