[01m[K/home/vincent-pc/ros2_foxy/src/my_cpp_pkg/src/robot_news_station.cpp:[m[K In constructor â€˜[01m[KRobotNewsStationNode::RobotNewsStationNode()[m[Kâ€™:
[01m[K/home/vincent-pc/ros2_foxy/src/my_cpp_pkg/src/robot_news_station.cpp:9:55:[m[K [01;31m[Kerror: [m[Kno matching function for call to â€˜[01m[KRobotNewsStationNode::declare_parameters(const char [12], const char [5])[m[Kâ€™
    9 |         this->declare_parameters("robot_name1", "R2D2"[01;31m[K)[m[K
      |                                                       [01;31m[K^[m[K
In file included from [01m[K/opt/ros/foxy/include/rclcpp/executors/single_threaded_executor.hpp:28[m[K,
                 from [01m[K/opt/ros/foxy/include/rclcpp/executors.hpp:22[m[K,
                 from [01m[K/opt/ros/foxy/include/rclcpp/rclcpp.hpp:146[m[K,
                 from [01m[K/home/vincent-pc/ros2_foxy/src/my_cpp_pkg/src/robot_news_station.cpp:1[m[K:
[01m[K/opt/ros/foxy/include/rclcpp/node.hpp:384:3:[m[K [01;36m[Knote: [m[Kcandidate: â€˜[01m[Ktemplate<class ParameterT> std::vector<BufferT> rclcpp::Node::declare_parameters(const string&, const std::map<std::__cxx11::basic_string<char>, ParameterT>&, bool)[m[Kâ€™
  384 |   [01;36m[Kdeclare_parameters[m[K(
      |   [01;36m[K^~~~~~~~~~~~~~~~~~[m[K
[01m[K/opt/ros/foxy/include/rclcpp/node.hpp:384:3:[m[K [01;36m[Knote: [m[K  template argument deduction/substitution failed:
[01m[K/home/vincent-pc/ros2_foxy/src/my_cpp_pkg/src/robot_news_station.cpp:9:55:[m[K [01;36m[Knote: [m[K  mismatched types â€˜[01m[Kconst std::map<std::__cxx11::basic_string<char>, ParameterT>[m[Kâ€™ and â€˜[01m[Kconst char [5][m[Kâ€™
    9 |         this->declare_parameters("robot_name1", "R2D2"[01;36m[K)[m[K
      |                                                       [01;36m[K^[m[K
In file included from [01m[K/opt/ros/foxy/include/rclcpp/executors/single_threaded_executor.hpp:28[m[K,
                 from [01m[K/opt/ros/foxy/include/rclcpp/executors.hpp:22[m[K,
                 from [01m[K/opt/ros/foxy/include/rclcpp/rclcpp.hpp:146[m[K,
                 from [01m[K/home/vincent-pc/ros2_foxy/src/my_cpp_pkg/src/robot_news_station.cpp:1[m[K:
[01m[K/opt/ros/foxy/include/rclcpp/node.hpp:398:3:[m[K [01;36m[Knote: [m[Kcandidate: â€˜[01m[Ktemplate<class ParameterT> std::vector<BufferT> rclcpp::Node::declare_parameters(const string&, const std::map<std::__cxx11::basic_string<char>, std::pair<ParameterT, rcl_interfaces::msg::ParameterDescriptor_<std::allocator<void> > > >&, bool)[m[Kâ€™
  398 |   [01;36m[Kdeclare_parameters[m[K(
      |   [01;36m[K^~~~~~~~~~~~~~~~~~[m[K
[01m[K/opt/ros/foxy/include/rclcpp/node.hpp:398:3:[m[K [01;36m[Knote: [m[K  template argument deduction/substitution failed:
[01m[K/home/vincent-pc/ros2_foxy/src/my_cpp_pkg/src/robot_news_station.cpp:9:55:[m[K [01;36m[Knote: [m[K  mismatched types â€˜[01m[Kconst std::map<std::__cxx11::basic_string<char>, std::pair<ParameterT, rcl_interfaces::msg::ParameterDescriptor_<std::allocator<void> > > >[m[Kâ€™ and â€˜[01m[Kconst char [5][m[Kâ€™
    9 |         this->declare_parameters("robot_name1", "R2D2"[01;36m[K)[m[K
      |                                                       [01;36m[K^[m[K
[01m[K/home/vincent-pc/ros2_foxy/src/my_cpp_pkg/src/robot_news_station.cpp:15:9:[m[K [01;31m[Kerror: [m[Kâ€˜[01m[Ktext1_[m[Kâ€™ was not declared in this scope
   15 |         [01;31m[Ktext1_[m[K =this->get_parameter("text1").as_string();
      |         [01;31m[K^~~~~~[m[K
make[2]: *** [CMakeFiles/robot_news_station_cpp.dir/build.make:63: CMakeFiles/robot_news_station_cpp.dir/src/robot_news_station.cpp.o] Error 1
make[1]: *** [CMakeFiles/Makefile2:262: CMakeFiles/robot_news_station_cpp.dir/all] Error 2
make: *** [Makefile:141: all] Error 2
