[0.018s] Invoking command in '/home/vincent-pc/ros2_foxy/build/my_cpp_pkg': CMAKE_PREFIX_PATH=${CMAKE_PREFIX_PATH}:/home/vincent-pc/ros2_foxy/install/my_py_pkg:/home/vincent-pc/ros2_ws/install/py_srvcli:/home/vincent-pc/ros2_ws/install/py_pubsub:/home/vincent-pc/ros2_ws/install/my_package_Py:/home/vincent-pc/ros2_ws/install/examples_rclpy_minimal_subscriber:/home/vincent-pc/ros2_ws/install/examples_rclpy_minimal_service:/home/vincent-pc/ros2_ws/install/examples_rclpy_minimal_publisher:/home/vincent-pc/ros2_ws/install/examples_rclpy_minimal_client:/home/vincent-pc/ros2_ws/install/examples_rclpy_minimal_action_server:/home/vincent-pc/ros2_ws/install/examples_rclpy_minimal_action_client:/home/vincent-pc/ros2_ws/install/examples_rclpy_executors:/opt/ros/foxy /usr/bin/cmake --build /home/vincent-pc/ros2_foxy/build/my_cpp_pkg -- -j8 -l8
[0.085s] [35m[1mScanning dependencies of target robot_news_station_cpp[0m
[0.126s] [  8%] Built target hardware_status_publisher_cpp
[0.132s] [ 16%] Built target add_two_ints_server_cpp
[0.137s] [ 25%] Built target cpp_node
[0.139s] [ 29%] [32mBuilding CXX object CMakeFiles/robot_news_station_cpp.dir/src/robot_news_station.cpp.o[0m
[0.142s] [ 37%] Built target number_counter_cpp
[0.146s] [ 50%] Built target smartphone_cpp
[0.146s] [ 54%] Built target led_panel_cpp
[0.151s] [ 62%] Built target add_two_ints_client_no_oop
[0.190s] [ 70%] Built target add_two_ints_client
[0.191s] [ 79%] Built target reset_number_client
[0.206s] [ 87%] Built target number_publisher_cpp
[0.210s] [ 95%] Built target number_counter_server_cpp
[1.647s] [01m[K/home/vincent-pc/ros2_foxy/src/my_cpp_pkg/src/robot_news_station.cpp:[m[K In constructor â€˜[01m[KRobotNewsStationNode::RobotNewsStationNode()[m[Kâ€™:
[1.648s] [01m[K/home/vincent-pc/ros2_foxy/src/my_cpp_pkg/src/robot_news_station.cpp:9:55:[m[K [01;31m[Kerror: [m[Kno matching function for call to â€˜[01m[KRobotNewsStationNode::declare_parameters(const char [12], const char [5])[m[Kâ€™
[1.648s]     9 |         this->declare_parameters("robot_name1", "R2D2"[01;31m[K)[m[K
[1.648s]       |                                                       [01;31m[K^[m[K
[1.648s] In file included from [01m[K/opt/ros/foxy/include/rclcpp/executors/single_threaded_executor.hpp:28[m[K,
[1.648s]                  from [01m[K/opt/ros/foxy/include/rclcpp/executors.hpp:22[m[K,
[1.648s]                  from [01m[K/opt/ros/foxy/include/rclcpp/rclcpp.hpp:146[m[K,
[1.648s]                  from [01m[K/home/vincent-pc/ros2_foxy/src/my_cpp_pkg/src/robot_news_station.cpp:1[m[K:
[1.648s] [01m[K/opt/ros/foxy/include/rclcpp/node.hpp:384:3:[m[K [01;36m[Knote: [m[Kcandidate: â€˜[01m[Ktemplate<class ParameterT> std::vector<BufferT> rclcpp::Node::declare_parameters(const string&, const std::map<std::__cxx11::basic_string<char>, ParameterT>&, bool)[m[Kâ€™
[1.648s]   384 |   [01;36m[Kdeclare_parameters[m[K(
[1.648s]       |   [01;36m[K^~~~~~~~~~~~~~~~~~[m[K
[1.648s] [01m[K/opt/ros/foxy/include/rclcpp/node.hpp:384:3:[m[K [01;36m[Knote: [m[K  template argument deduction/substitution failed:
[1.648s] [01m[K/home/vincent-pc/ros2_foxy/src/my_cpp_pkg/src/robot_news_station.cpp:9:55:[m[K [01;36m[Knote: [m[K  mismatched types â€˜[01m[Kconst std::map<std::__cxx11::basic_string<char>, ParameterT>[m[Kâ€™ and â€˜[01m[Kconst char [5][m[Kâ€™
[1.648s]     9 |         this->declare_parameters("robot_name1", "R2D2"[01;36m[K)[m[K
[1.648s]       |                                                       [01;36m[K^[m[K
[1.648s] In file included from [01m[K/opt/ros/foxy/include/rclcpp/executors/single_threaded_executor.hpp:28[m[K,
[1.649s]                  from [01m[K/opt/ros/foxy/include/rclcpp/executors.hpp:22[m[K,
[1.649s]                  from [01m[K/opt/ros/foxy/include/rclcpp/rclcpp.hpp:146[m[K,
[1.649s]                  from [01m[K/home/vincent-pc/ros2_foxy/src/my_cpp_pkg/src/robot_news_station.cpp:1[m[K:
[1.649s] [01m[K/opt/ros/foxy/include/rclcpp/node.hpp:398:3:[m[K [01;36m[Knote: [m[Kcandidate: â€˜[01m[Ktemplate<class ParameterT> std::vector<BufferT> rclcpp::Node::declare_parameters(const string&, const std::map<std::__cxx11::basic_string<char>, std::pair<ParameterT, rcl_interfaces::msg::ParameterDescriptor_<std::allocator<void> > > >&, bool)[m[Kâ€™
[1.649s]   398 |   [01;36m[Kdeclare_parameters[m[K(
[1.649s]       |   [01;36m[K^~~~~~~~~~~~~~~~~~[m[K
[1.649s] [01m[K/opt/ros/foxy/include/rclcpp/node.hpp:398:3:[m[K [01;36m[Knote: [m[K  template argument deduction/substitution failed:
[1.649s] [01m[K/home/vincent-pc/ros2_foxy/src/my_cpp_pkg/src/robot_news_station.cpp:9:55:[m[K [01;36m[Knote: [m[K  mismatched types â€˜[01m[Kconst std::map<std::__cxx11::basic_string<char>, std::pair<ParameterT, rcl_interfaces::msg::ParameterDescriptor_<std::allocator<void> > > >[m[Kâ€™ and â€˜[01m[Kconst char [5][m[Kâ€™
[1.649s]     9 |         this->declare_parameters("robot_name1", "R2D2"[01;36m[K)[m[K
[1.649s]       |                                                       [01;36m[K^[m[K
[1.650s] [01m[K/home/vincent-pc/ros2_foxy/src/my_cpp_pkg/src/robot_news_station.cpp:15:9:[m[K [01;31m[Kerror: [m[Kâ€˜[01m[Ktext1_[m[Kâ€™ was not declared in this scope
[1.650s]    15 |         [01;31m[Ktext1_[m[K =this->get_parameter("text1").as_string();
[1.650s]       |         [01;31m[K^~~~~~[m[K
[2.614s] make[2]: *** [CMakeFiles/robot_news_station_cpp.dir/build.make:63: CMakeFiles/robot_news_station_cpp.dir/src/robot_news_station.cpp.o] Error 1
[2.614s] make[1]: *** [CMakeFiles/Makefile2:262: CMakeFiles/robot_news_station_cpp.dir/all] Error 2
[2.614s] make: *** [Makefile:141: all] Error 2
[2.617s] Invoked command in '/home/vincent-pc/ros2_foxy/build/my_cpp_pkg' returned '2': CMAKE_PREFIX_PATH=${CMAKE_PREFIX_PATH}:/home/vincent-pc/ros2_foxy/install/my_py_pkg:/home/vincent-pc/ros2_ws/install/py_srvcli:/home/vincent-pc/ros2_ws/install/py_pubsub:/home/vincent-pc/ros2_ws/install/my_package_Py:/home/vincent-pc/ros2_ws/install/examples_rclpy_minimal_subscriber:/home/vincent-pc/ros2_ws/install/examples_rclpy_minimal_service:/home/vincent-pc/ros2_ws/install/examples_rclpy_minimal_publisher:/home/vincent-pc/ros2_ws/install/examples_rclpy_minimal_client:/home/vincent-pc/ros2_ws/install/examples_rclpy_minimal_action_server:/home/vincent-pc/ros2_ws/install/examples_rclpy_minimal_action_client:/home/vincent-pc/ros2_ws/install/examples_rclpy_executors:/opt/ros/foxy /usr/bin/cmake --build /home/vincent-pc/ros2_foxy/build/my_cpp_pkg -- -j8 -l8
