[0.034s] Invoking command in '/home/vincent-pc/ros2_foxy/build/my_cpp_pkg': CMAKE_PREFIX_PATH=${CMAKE_PREFIX_PATH}:/home/vincent-pc/ros2_foxy/install/turtlesim_catch_them_all_py:/home/vincent-pc/ros2_foxy/install/my_py_pkg:/opt/ros/foxy /usr/bin/cmake --build /home/vincent-pc/ros2_foxy/build/my_cpp_pkg -- -j8 -l8
[0.178s] [  8%] Built target hardware_status_publisher_cpp
[0.182s] [ 12%] [32mBuilding CXX object CMakeFiles/number_counter_cpp.dir/src/number_counter.cpp.o[0m
[0.186s] [ 20%] Built target cpp_node
[0.187s] [ 29%] Built target led_panel_cpp
[0.194s] [ 37%] Built target add_two_ints_server_cpp
[0.199s] [ 45%] Built target robot_news_station_cpp
[0.203s] [ 54%] Built target add_two_ints_client_no_oop
[0.206s] [ 62%] Built target smartphone_cpp
[0.266s] [ 70%] Built target number_counter_server_cpp
[0.269s] [ 79%] Built target number_publisher_cpp
[0.275s] [ 87%] Built target reset_number_client
[0.280s] [ 95%] Built target add_two_ints_client
[1.999s] [01m[K/home/vincent-pc/ros2_foxy/src/my_cpp_pkg/src/number_counter.cpp:[m[K In constructor â€˜[01m[KNumberCounterNode::NumberCounterNode()[m[Kâ€™:
[1.999s] [01m[K/home/vincent-pc/ros2_foxy/src/my_cpp_pkg/src/number_counter.cpp:10:49:[m[K [01;31m[Kerror: [m[Kâ€˜[01m[Kexample_[m[Kâ€™ was not declared in this scope
[1.999s]    10 |         Subscriber1_= this->create_subscription<[01;31m[Kexample_[m[K    interfaces::msg::Int64>
[1.999s]       |                                                 [01;31m[K^~~~~~~~[m[K
[1.999s] [01m[K/home/vincent-pc/ros2_foxy/src/my_cpp_pkg/src/number_counter.cpp:10:29:[m[K [01;31m[Kerror: [m[Kparse error in template argument list
[1.999s]    10 |         Subscriber1_= this->[01;31m[Kcreate_subscription<example_    interfaces::msg::Int64>[m[K
[1.999s]       |                             [01;31m[K^~~~~~~~~~~~~~~~~~~~~~~~~~~~~~~~~~~~~~~~~~~~~~~~~~~~~~~[m[K
[2.009s] [01m[K/home/vincent-pc/ros2_foxy/src/my_cpp_pkg/src/number_counter.cpp:12:108:[m[K [01;31m[Kerror: [m[Kno matching function for call to â€˜[01m[KNumberCounterNode::create_subscription<<expression error> >(const char [11], int, std::_Bind_helper<false, void (NumberCounterNode::*)(std::shared_ptr<example_interfaces::msg::Int64_<std::allocator<void> > >), NumberCounterNode*, const std::_Placeholder<1>&>::type)[m[Kâ€™
[2.009s]    12 |                                         (&NumberCounterNode::SubscriberNumber, this, std::placeholders::_1)[01;31m[K)[m[K;
[2.010s]       |                                                                                                            [01;31m[K^[m[K
[2.010s] In file included from [01m[K/opt/ros/foxy/include/rclcpp/executors/single_threaded_executor.hpp:28[m[K,
[2.010s]                  from [01m[K/opt/ros/foxy/include/rclcpp/executors.hpp:22[m[K,
[2.010s]                  from [01m[K/opt/ros/foxy/include/rclcpp/rclcpp.hpp:146[m[K,
[2.010s]                  from [01m[K/home/vincent-pc/ros2_foxy/src/my_cpp_pkg/src/number_counter.cpp:1[m[K:
[2.010s] [01m[K/opt/ros/foxy/include/rclcpp/node.hpp:213:3:[m[K [01;36m[Knote: [m[Kcandidate: â€˜[01m[Ktemplate<class MessageT, class CallbackT, class AllocatorT, class CallbackMessageT, class SubscriptionT, class MessageMemoryStrategyT> std::shared_ptr<SubscriptionT> rclcpp::Node::create_subscription(const string&, const rclcpp::QoS&, CallbackT&&, const rclcpp::SubscriptionOptionsWithAllocator<AllocatorT>&, typename MessageMemoryStrategyT::SharedPtr)[m[Kâ€™
[2.010s]   213 |   [01;36m[Kcreate_subscription[m[K(
[2.010s]       |   [01;36m[K^~~~~~~~~~~~~~~~~~~[m[K
[2.011s] [01m[K/opt/ros/foxy/include/rclcpp/node.hpp:213:3:[m[K [01;36m[Knote: [m[K  template argument deduction/substitution failed:
[2.011s] [01m[K/home/vincent-pc/ros2_foxy/src/my_cpp_pkg/src/number_counter.cpp:12:108:[m[K [01;31m[Kerror: [m[Ktemplate argument 1 is invalid
[2.011s]    12 |                                         (&NumberCounterNode::SubscriberNumber, this, std::placeholders::_1)[01;31m[K)[m[K;
[2.011s]       |                                                                                                            [01;31m[K^[m[K
[2.873s] make[2]: *** [CMakeFiles/number_counter_cpp.dir/build.make:63: CMakeFiles/number_counter_cpp.dir/src/number_counter.cpp.o] Error 1
[2.874s] make[1]: *** [CMakeFiles/Makefile2:316: CMakeFiles/number_counter_cpp.dir/all] Error 2
[2.874s] make: *** [Makefile:141: all] Error 2
[2.876s] Invoked command in '/home/vincent-pc/ros2_foxy/build/my_cpp_pkg' returned '2': CMAKE_PREFIX_PATH=${CMAKE_PREFIX_PATH}:/home/vincent-pc/ros2_foxy/install/turtlesim_catch_them_all_py:/home/vincent-pc/ros2_foxy/install/my_py_pkg:/opt/ros/foxy /usr/bin/cmake --build /home/vincent-pc/ros2_foxy/build/my_cpp_pkg -- -j8 -l8
