[01m[K/home/vincent-pc/ros2_foxy/src/my_cpp_pkg/src/led_panel.cpp:27:49:[m[K [01;31m[Kerror: [m[Kâ€˜[01m[KLedStateArray[m[Kâ€™ is not a member of â€˜[01m[Kmy_robot_interfaces::msg[m[Kâ€™
   27 | ::Publisher<my_robot_interfaces::msg::[01;31m[KLedStateArray[m[K>::SharedPtr led_states_publisher_;
      |                                       [01;31m[K^~~~~~~~~~~~~[m[K

[01m[K/home/vincent-pc/ros2_foxy/src/my_cpp_pkg/src/led_panel.cpp:27:49:[m[K [01;31m[Kerror: [m[Kâ€˜[01m[KLedStateArray[m[Kâ€™ is not a member of â€˜[01m[Kmy_robot_interfaces::msg[m[Kâ€™
[01m[K/home/vincent-pc/ros2_foxy/src/my_cpp_pkg/src/led_panel.cpp:27:62:[m[K [01;31m[Kerror: [m[Ktemplate argument 1 is invalid
   27 | y_robot_interfaces::msg::LedStateArray[01;31m[K>[m[K::SharedPtr led_states_publisher_;
      |                                       [01;31m[K^[m[K

[01m[K/home/vincent-pc/ros2_foxy/src/my_cpp_pkg/src/led_panel.cpp:27:65:[m[K [01;31m[Kerror: [m[Kexpected â€˜[01m[K;[m[Kâ€™ at end of member declaration
   27 | obot_interfaces::msg::LedStateArray>::[01;31m[KSharedPtr[m[K led_states_publisher_;
      |                                       [01;31m[K^~~~~~~~~[m[K
      |                                                [32m[K;[m[K
[01m[K/home/vincent-pc/ros2_foxy/src/my_cpp_pkg/src/led_panel.cpp:27:75:[m[K [01;31m[Kerror: [m[Kâ€˜[01m[Kled_states_publisher_[m[Kâ€™ does not name a type
   27 | faces::msg::LedStateArray>::SharedPtr [01;31m[Kled_states_publisher_[m[K;
      |                                       [01;31m[K^~~~~~~~~~~~~~~~~~~~~[m[K

[01m[K/home/vincent-pc/ros2_foxy/src/my_cpp_pkg/src/led_panel.cpp:[m[K In constructor â€˜[01m[KLedPanelNode::LedPanelNode()[m[Kâ€™:
[01m[K/home/vincent-pc/ros2_foxy/src/my_cpp_pkg/src/led_panel.cpp:10:9:[m[K [01;31m[Kerror: [m[Kâ€˜[01m[Kled_states_publisher_[m[Kâ€™ was not declared in this scope
   10 |         [01;31m[Kled_states_publisher_[m[K = this->create_publisher<my_robot_interfaces::msg::LedStateArray>("set_led", 10);
      |         [01;31m[K^~~~~~~~~~~~~~~~~~~~~[m[K
[01m[K/home/vincent-pc/ros2_foxy/src/my_cpp_pkg/src/led_panel.cpp:10:82:[m[K [01;31m[Kerror: [m[Kâ€˜[01m[KLedStateArray[m[Kâ€™ is not a member of â€˜[01m[Kmy_robot_interfaces::msg[m[Kâ€™
   10 | e_publisher<my_robot_interfaces::msg::[01;31m[KLedStateArray[m[K>("set_led", 10);
      |                                       [01;31m[K^~~~~~~~~~~~~[m[K

[01m[K/home/vincent-pc/ros2_foxy/src/my_cpp_pkg/src/led_panel.cpp:10:82:[m[K [01;31m[Kerror: [m[Kâ€˜[01m[KLedStateArray[m[Kâ€™ is not a member of â€˜[01m[Kmy_robot_interfaces::msg[m[Kâ€™
[01m[K/home/vincent-pc/ros2_foxy/src/my_cpp_pkg/src/led_panel.cpp:10:110:[m[K [01;31m[Kerror: [m[Kno matching function for call to â€˜[01m[KLedPanelNode::create_publisher<<expression error> >(const char [8], int)[m[Kâ€™
   10 | ces::msg::LedStateArray>("set_led", 10[01;31m[K)[m[K;
      |                                       [01;31m[K^[m[K

In file included from [01m[K/opt/ros/foxy/include/rclcpp/executors/single_threaded_executor.hpp:28[m[K,
                 from [01m[K/opt/ros/foxy/include/rclcpp/executors.hpp:22[m[K,
                 from [01m[K/opt/ros/foxy/include/rclcpp/rclcpp.hpp:146[m[K,
                 from [01m[K/home/vincent-pc/ros2_foxy/src/my_cpp_pkg/src/led_panel.cpp:1[m[K:
[01m[K/opt/ros/foxy/include/rclcpp/node.hpp:184:3:[m[K [01;36m[Knote: [m[Kcandidate: â€˜[01m[Ktemplate<class MessageT, class AllocatorT, class PublisherT> std::shared_ptr<PublisherT> rclcpp::Node::create_publisher(const string&, const rclcpp::QoS&, const rclcpp::PublisherOptionsWithAllocator<AllocatorT>&)[m[Kâ€™
  184 |   [01;36m[Kcreate_publisher[m[K(
      |   [01;36m[K^~~~~~~~~~~~~~~~[m[K
[01m[K/opt/ros/foxy/include/rclcpp/node.hpp:184:3:[m[K [01;36m[Knote: [m[K  template argument deduction/substitution failed:
[01m[K/home/vincent-pc/ros2_foxy/src/my_cpp_pkg/src/led_panel.cpp:10:110:[m[K [01;31m[Kerror: [m[Ktemplate argument 1 is invalid
   10 | ces::msg::LedStateArray>("set_led", 10[01;31m[K)[m[K;
      |                                       [01;31m[K^[m[K

[01m[K/home/vincent-pc/ros2_foxy/src/my_cpp_pkg/src/led_panel.cpp:[m[K In member function â€˜[01m[Kvoid LedPanelNode::publish_led_states()[m[Kâ€™:
[01m[K/home/vincent-pc/ros2_foxy/src/my_cpp_pkg/src/led_panel.cpp:21:46:[m[K [01;31m[Kerror: [m[Kâ€˜[01m[KLedStateArray[m[Kâ€™ is not a member of â€˜[01m[Kmy_robot_interfaces::msg[m[Kâ€™
   21 |    auto msg = my_robot_interfaces::msg::[01;31m[KLedStateArray[m[K();
      |                                         [01;31m[K^~~~~~~~~~~~~[m[K

[01m[K/home/vincent-pc/ros2_foxy/src/my_cpp_pkg/src/led_panel.cpp:23:9:[m[K [01;31m[Kerror: [m[Kâ€˜[01m[Kled_states_publisher_[m[Kâ€™ was not declared in this scope
   23 |         [01;31m[Kled_states_publisher_[m[K ->publish(msg);
      |         [01;31m[K^~~~~~~~~~~~~~~~~~~~~[m[K
make[2]: *** [CMakeFiles/led_panel_cpp.dir/build.make:63: CMakeFiles/led_panel_cpp.dir/src/led_panel.cpp.o] Error 1
make[1]: *** [CMakeFiles/Makefile2:100: CMakeFiles/led_panel_cpp.dir/all] Error 2
make[1]: *** Waiting for unfinished jobs....
make: *** [Makefile:141: all] Error 2
