[0.015s] Invoking command in '/home/vincent-pc/ros2_foxy/build/my_cpp_pkg': CMAKE_PREFIX_PATH=${CMAKE_PREFIX_PATH}:/home/vincent-pc/ros2_foxy/install/my_py_pkg:/home/vincent-pc/ros2_ws/install/py_srvcli:/home/vincent-pc/ros2_ws/install/py_pubsub:/home/vincent-pc/ros2_ws/install/my_package_Py:/home/vincent-pc/ros2_ws/install/examples_rclpy_minimal_subscriber:/home/vincent-pc/ros2_ws/install/examples_rclpy_minimal_service:/home/vincent-pc/ros2_ws/install/examples_rclpy_minimal_publisher:/home/vincent-pc/ros2_ws/install/examples_rclpy_minimal_client:/home/vincent-pc/ros2_ws/install/examples_rclpy_minimal_action_server:/home/vincent-pc/ros2_ws/install/examples_rclpy_minimal_action_client:/home/vincent-pc/ros2_ws/install/examples_rclpy_executors:/opt/ros/foxy /usr/bin/cmake --build /home/vincent-pc/ros2_foxy/build/my_cpp_pkg -- -j8 -l8
[0.045s] -- Found ament_cmake: 0.9.12 (/opt/ros/foxy/share/ament_cmake/cmake)
[0.077s] -- Using PYTHON_EXECUTABLE: /usr/bin/python3
[0.278s] -- Found rclcpp: 2.4.3 (/opt/ros/foxy/share/rclcpp/cmake)
[0.309s] -- Using all available rosidl_typesupport_c: rosidl_typesupport_fastrtps_c;rosidl_typesupport_introspection_c
[0.313s] -- Found rosidl_adapter: 1.3.1 (/opt/ros/foxy/share/rosidl_adapter/cmake)
[0.411s] -- Using all available rosidl_typesupport_cpp: rosidl_typesupport_fastrtps_cpp;rosidl_typesupport_introspection_cpp
[0.459s] -- Found rmw_implementation_cmake: 1.0.4 (/opt/ros/foxy/share/rmw_implementation_cmake/cmake)
[0.461s] -- Using RMW implementation 'rmw_fastrtps_cpp' as default
[0.597s] -- Found example_interfaces: 0.9.1 (/opt/ros/foxy/share/example_interfaces/cmake)
[0.699s] -- Found my_robot_interfaces: 0.0.0 (/home/vincent-pc/ros2_foxy/install/my_robot_interfaces/share/my_robot_interfaces/cmake)
[0.790s] -- Configuring done
[0.842s] -- Generating done
[0.865s] -- Build files have been written to: /home/vincent-pc/ros2_foxy/build/my_cpp_pkg
[0.893s] [35m[1mScanning dependencies of target led_panel_cpp[0m
[0.895s] [35m[1mScanning dependencies of target hardware_status_publisher_cpp[0m
[0.921s] [  8%] Built target cpp_node
[0.926s] [ 16%] Built target add_two_ints_server_cpp
[0.933s] [ 25%] Built target number_counter_cpp
[0.933s] [ 33%] Built target smartphone_cpp
[0.933s] [ 41%] Built target add_two_ints_client_no_oop
[0.935s] [ 45%] [32mBuilding CXX object CMakeFiles/hardware_status_publisher_cpp.dir/src/hw_status_publisher.cpp.o[0m
[0.941s] [ 54%] Built target robot_news_station_cpp
[0.968s] [ 62%] Built target number_publisher_cpp
[0.978s] [ 70%] Built target reset_number_client
[0.978s] [ 75%] [32mBuilding CXX object CMakeFiles/led_panel_cpp.dir/src/led_panel.cpp.o[0m
[0.989s] [ 91%] Built target number_counter_server_cpp
[0.989s] [ 91%] Built target add_two_ints_client
[2.310s] [01m[K/home/vincent-pc/ros2_foxy/src/my_cpp_pkg/src/led_panel.cpp:27:49:[m[K [01;31m[Kerror: [m[Kâ€˜[01m[KLedStateArray[m[Kâ€™ is not a member of â€˜[01m[Kmy_robot_interfaces::msg[m[Kâ€™
[2.310s]    27 | ::Publisher<my_robot_interfaces::msg::[01;31m[KLedStateArray[m[K>::SharedPtr led_states_publisher_;
[2.310s]       |                                       [01;31m[K^~~~~~~~~~~~~[m[K
[2.310s] 
[2.310s] [01m[K/home/vincent-pc/ros2_foxy/src/my_cpp_pkg/src/led_panel.cpp:27:49:[m[K [01;31m[Kerror: [m[Kâ€˜[01m[KLedStateArray[m[Kâ€™ is not a member of â€˜[01m[Kmy_robot_interfaces::msg[m[Kâ€™
[2.311s] [01m[K/home/vincent-pc/ros2_foxy/src/my_cpp_pkg/src/led_panel.cpp:27:62:[m[K [01;31m[Kerror: [m[Ktemplate argument 1 is invalid
[2.311s]    27 | y_robot_interfaces::msg::LedStateArray[01;31m[K>[m[K::SharedPtr led_states_publisher_;
[2.311s]       |                                       [01;31m[K^[m[K
[2.311s] 
[2.311s] [01m[K/home/vincent-pc/ros2_foxy/src/my_cpp_pkg/src/led_panel.cpp:27:65:[m[K [01;31m[Kerror: [m[Kexpected â€˜[01m[K;[m[Kâ€™ at end of member declaration
[2.311s]    27 | obot_interfaces::msg::LedStateArray>::[01;31m[KSharedPtr[m[K led_states_publisher_;
[2.311s]       |                                       [01;31m[K^~~~~~~~~[m[K
[2.311s]       |                                                [32m[K;[m[K
[2.314s] [01m[K/home/vincent-pc/ros2_foxy/src/my_cpp_pkg/src/led_panel.cpp:27:75:[m[K [01;31m[Kerror: [m[Kâ€˜[01m[Kled_states_publisher_[m[Kâ€™ does not name a type
[2.315s]    27 | faces::msg::LedStateArray>::SharedPtr [01;31m[Kled_states_publisher_[m[K;
[2.315s]       |                                       [01;31m[K^~~~~~~~~~~~~~~~~~~~~[m[K
[2.315s] 
[2.320s] [01m[K/home/vincent-pc/ros2_foxy/src/my_cpp_pkg/src/led_panel.cpp:[m[K In constructor â€˜[01m[KLedPanelNode::LedPanelNode()[m[Kâ€™:
[2.320s] [01m[K/home/vincent-pc/ros2_foxy/src/my_cpp_pkg/src/led_panel.cpp:10:9:[m[K [01;31m[Kerror: [m[Kâ€˜[01m[Kled_states_publisher_[m[Kâ€™ was not declared in this scope
[2.320s]    10 |         [01;31m[Kled_states_publisher_[m[K = this->create_publisher<my_robot_interfaces::msg::LedStateArray>("set_led", 10);
[2.320s]       |         [01;31m[K^~~~~~~~~~~~~~~~~~~~~[m[K
[2.320s] [01m[K/home/vincent-pc/ros2_foxy/src/my_cpp_pkg/src/led_panel.cpp:10:82:[m[K [01;31m[Kerror: [m[Kâ€˜[01m[KLedStateArray[m[Kâ€™ is not a member of â€˜[01m[Kmy_robot_interfaces::msg[m[Kâ€™
[2.320s]    10 | e_publisher<my_robot_interfaces::msg::[01;31m[KLedStateArray[m[K>("set_led", 10);
[2.320s]       |                                       [01;31m[K^~~~~~~~~~~~~[m[K
[2.320s] 
[2.321s] [01m[K/home/vincent-pc/ros2_foxy/src/my_cpp_pkg/src/led_panel.cpp:10:82:[m[K [01;31m[Kerror: [m[Kâ€˜[01m[KLedStateArray[m[Kâ€™ is not a member of â€˜[01m[Kmy_robot_interfaces::msg[m[Kâ€™
[2.321s] [01m[K/home/vincent-pc/ros2_foxy/src/my_cpp_pkg/src/led_panel.cpp:10:110:[m[K [01;31m[Kerror: [m[Kno matching function for call to â€˜[01m[KLedPanelNode::create_publisher<<expression error> >(const char [8], int)[m[Kâ€™
[2.321s]    10 | ces::msg::LedStateArray>("set_led", 10[01;31m[K)[m[K;
[2.321s]       |                                       [01;31m[K^[m[K
[2.321s] 
[2.322s] In file included from [01m[K/opt/ros/foxy/include/rclcpp/executors/single_threaded_executor.hpp:28[m[K,
[2.322s]                  from [01m[K/opt/ros/foxy/include/rclcpp/executors.hpp:22[m[K,
[2.322s]                  from [01m[K/opt/ros/foxy/include/rclcpp/rclcpp.hpp:146[m[K,
[2.322s]                  from [01m[K/home/vincent-pc/ros2_foxy/src/my_cpp_pkg/src/led_panel.cpp:1[m[K:
[2.322s] [01m[K/opt/ros/foxy/include/rclcpp/node.hpp:184:3:[m[K [01;36m[Knote: [m[Kcandidate: â€˜[01m[Ktemplate<class MessageT, class AllocatorT, class PublisherT> std::shared_ptr<PublisherT> rclcpp::Node::create_publisher(const string&, const rclcpp::QoS&, const rclcpp::PublisherOptionsWithAllocator<AllocatorT>&)[m[Kâ€™
[2.322s]   184 |   [01;36m[Kcreate_publisher[m[K(
[2.322s]       |   [01;36m[K^~~~~~~~~~~~~~~~[m[K
[2.322s] [01m[K/opt/ros/foxy/include/rclcpp/node.hpp:184:3:[m[K [01;36m[Knote: [m[K  template argument deduction/substitution failed:
[2.322s] [01m[K/home/vincent-pc/ros2_foxy/src/my_cpp_pkg/src/led_panel.cpp:10:110:[m[K [01;31m[Kerror: [m[Ktemplate argument 1 is invalid
[2.323s]    10 | ces::msg::LedStateArray>("set_led", 10[01;31m[K)[m[K;
[2.323s]       |                                       [01;31m[K^[m[K
[2.323s] 
[2.337s] [01m[K/home/vincent-pc/ros2_foxy/src/my_cpp_pkg/src/led_panel.cpp:[m[K In member function â€˜[01m[Kvoid LedPanelNode::publish_led_states()[m[Kâ€™:
[2.338s] [01m[K/home/vincent-pc/ros2_foxy/src/my_cpp_pkg/src/led_panel.cpp:21:46:[m[K [01;31m[Kerror: [m[Kâ€˜[01m[KLedStateArray[m[Kâ€™ is not a member of â€˜[01m[Kmy_robot_interfaces::msg[m[Kâ€™
[2.338s]    21 |    auto msg = my_robot_interfaces::msg::[01;31m[KLedStateArray[m[K();
[2.338s]       |                                         [01;31m[K^~~~~~~~~~~~~[m[K
[2.338s] 
[2.343s] [01m[K/home/vincent-pc/ros2_foxy/src/my_cpp_pkg/src/led_panel.cpp:23:9:[m[K [01;31m[Kerror: [m[Kâ€˜[01m[Kled_states_publisher_[m[Kâ€™ was not declared in this scope
[2.343s]    23 |         [01;31m[Kled_states_publisher_[m[K ->publish(msg);
[2.343s]       |         [01;31m[K^~~~~~~~~~~~~~~~~~~~~[m[K
[2.747s] make[2]: *** [CMakeFiles/led_panel_cpp.dir/build.make:63: CMakeFiles/led_panel_cpp.dir/src/led_panel.cpp.o] Error 1
[2.747s] make[1]: *** [CMakeFiles/Makefile2:100: CMakeFiles/led_panel_cpp.dir/all] Error 2
[2.747s] make[1]: *** Waiting for unfinished jobs....
[3.891s] [ 95%] [32m[1mLinking CXX executable hardware_status_publisher_cpp[0m
[4.076s] [ 95%] Built target hardware_status_publisher_cpp
[4.077s] make: *** [Makefile:141: all] Error 2
[4.079s] Invoked command in '/home/vincent-pc/ros2_foxy/build/my_cpp_pkg' returned '2': CMAKE_PREFIX_PATH=${CMAKE_PREFIX_PATH}:/home/vincent-pc/ros2_foxy/install/my_py_pkg:/home/vincent-pc/ros2_ws/install/py_srvcli:/home/vincent-pc/ros2_ws/install/py_pubsub:/home/vincent-pc/ros2_ws/install/my_package_Py:/home/vincent-pc/ros2_ws/install/examples_rclpy_minimal_subscriber:/home/vincent-pc/ros2_ws/install/examples_rclpy_minimal_service:/home/vincent-pc/ros2_ws/install/examples_rclpy_minimal_publisher:/home/vincent-pc/ros2_ws/install/examples_rclpy_minimal_client:/home/vincent-pc/ros2_ws/install/examples_rclpy_minimal_action_server:/home/vincent-pc/ros2_ws/install/examples_rclpy_minimal_action_client:/home/vincent-pc/ros2_ws/install/examples_rclpy_executors:/opt/ros/foxy /usr/bin/cmake --build /home/vincent-pc/ros2_foxy/build/my_cpp_pkg -- -j8 -l8
