[35m[1mScanning dependencies of target hardware_status_publisher_cpp[0m
[  9%] Built target cpp_node
[ 18%] Built target add_two_ints_server_cpp
[ 27%] Built target robot_news_station_cpp
[ 36%] Built target number_counter_cpp
[ 45%] Built target add_two_ints_client_no_oop
[ 54%] Built target number_publisher_cpp
[ 59%] [32mBuilding CXX object CMakeFiles/hardware_status_publisher_cpp.dir/src/hw_status_publisher.cpp.o[0m
[ 68%] Built target smartphone_cpp
[ 77%] Built target add_two_ints_client
[ 86%] Built target reset_number_client
[ 95%] Built target number_counter_server_cpp
[01m[K/home/vincent-pc/ros2_foxy/src/my_cpp_pkg/src/hw_status_publisher.cpp:17:27:[m[K [01;31m[Kerror: [m[KISO C++ forbids declaration of â€˜[01m[KpublishHardwareStatus[m[Kâ€™ with no type [[01;31m[K-fpermissive[m[K]
   17 |     publishHardwareStatus([01;31m[K)[m[K
      |                           [01;31m[K^[m[K
[01m[K/home/vincent-pc/ros2_foxy/src/my_cpp_pkg/src/hw_status_publisher.cpp:[m[K In constructor â€˜[01m[KHardwareStatusPublisher::HardwareStatusPublisher()[m[Kâ€™:
[01m[K/home/vincent-pc/ros2_foxy/src/my_cpp_pkg/src/hw_status_publisher.cpp:12:22:[m[K [01;31m[Kerror: [m[Kexpected primary-expression before â€˜[01m[K<[m[Kâ€™ token
   12 |                     ([01;31m[K<[m[K&HardwareStatusPublisher::publishHardwareStatus, this));
      |                      [01;31m[K^[m[K
[01m[K/home/vincent-pc/ros2_foxy/src/my_cpp_pkg/src/hw_status_publisher.cpp:14:5:[m[K [01;31m[Kerror: [m[Kexpected â€˜[01m[K;[m[Kâ€™ before â€˜[01m[K}[m[Kâ€™ token
   14 |     [01;31m[K}[m[K
      |     [01;31m[K^[m[K
[01m[K/home/vincent-pc/ros2_foxy/src/my_cpp_pkg/src/hw_status_publisher.cpp:[m[K In member function â€˜[01m[Kint HardwareStatusPublisher::publishHardwareStatus()[m[Kâ€™:
[01m[K/home/vincent-pc/ros2_foxy/src/my_cpp_pkg/src/hw_status_publisher.cpp:24:5:[m[K [01;35m[Kwarning: [m[Kno return statement in function returning non-void [[01;35m[K-Wreturn-type[m[K]
   24 |     [01;35m[K}[m[K
      |     [01;35m[K^[m[K
make[2]: *** [CMakeFiles/hardware_status_publisher_cpp.dir/build.make:63: CMakeFiles/hardware_status_publisher_cpp.dir/src/hw_status_publisher.cpp.o] Error 1
make[1]: *** [CMakeFiles/Makefile2:125: CMakeFiles/hardware_status_publisher_cpp.dir/all] Error 2
make: *** [Makefile:141: all] Error 2
