[0.013s] Invoking command in '/home/vincent-pc/ros2_foxy/build/my_cpp_pkg': CMAKE_PREFIX_PATH=${CMAKE_PREFIX_PATH}:/home/vincent-pc/ros2_foxy/install/my_py_pkg:/home/vincent-pc/ros2_ws/install/py_srvcli:/home/vincent-pc/ros2_ws/install/py_pubsub:/home/vincent-pc/ros2_ws/install/my_package_Py:/home/vincent-pc/ros2_ws/install/examples_rclpy_minimal_subscriber:/home/vincent-pc/ros2_ws/install/examples_rclpy_minimal_service:/home/vincent-pc/ros2_ws/install/examples_rclpy_minimal_publisher:/home/vincent-pc/ros2_ws/install/examples_rclpy_minimal_client:/home/vincent-pc/ros2_ws/install/examples_rclpy_minimal_action_server:/home/vincent-pc/ros2_ws/install/examples_rclpy_minimal_action_client:/home/vincent-pc/ros2_ws/install/examples_rclpy_executors:/opt/ros/foxy /usr/bin/cmake --build /home/vincent-pc/ros2_foxy/build/my_cpp_pkg -- -j8 -l8
[0.067s] [35m[1mScanning dependencies of target hardware_status_publisher_cpp[0m
[0.092s] [  9%] Built target cpp_node
[0.096s] [ 18%] Built target add_two_ints_server_cpp
[0.104s] [ 27%] Built target robot_news_station_cpp
[0.105s] [ 36%] Built target number_counter_cpp
[0.105s] [ 45%] Built target add_two_ints_client_no_oop
[0.111s] [ 54%] Built target number_publisher_cpp
[0.116s] [ 59%] [32mBuilding CXX object CMakeFiles/hardware_status_publisher_cpp.dir/src/hw_status_publisher.cpp.o[0m
[0.117s] [ 68%] Built target smartphone_cpp
[0.143s] [ 77%] Built target add_two_ints_client
[0.151s] [ 86%] Built target reset_number_client
[0.153s] [ 95%] Built target number_counter_server_cpp
[1.382s] [01m[K/home/vincent-pc/ros2_foxy/src/my_cpp_pkg/src/hw_status_publisher.cpp:17:27:[m[K [01;31m[Kerror: [m[KISO C++ forbids declaration of â€˜[01m[KpublishHardwareStatus[m[Kâ€™ with no type [[01;31m[K-fpermissive[m[K]
[1.382s]    17 |     publishHardwareStatus([01;31m[K)[m[K
[1.382s]       |                           [01;31m[K^[m[K
[1.389s] [01m[K/home/vincent-pc/ros2_foxy/src/my_cpp_pkg/src/hw_status_publisher.cpp:[m[K In constructor â€˜[01m[KHardwareStatusPublisher::HardwareStatusPublisher()[m[Kâ€™:
[1.389s] [01m[K/home/vincent-pc/ros2_foxy/src/my_cpp_pkg/src/hw_status_publisher.cpp:12:22:[m[K [01;31m[Kerror: [m[Kexpected primary-expression before â€˜[01m[K<[m[Kâ€™ token
[1.389s]    12 |                     ([01;31m[K<[m[K&HardwareStatusPublisher::publishHardwareStatus, this));
[1.389s]       |                      [01;31m[K^[m[K
[1.389s] [01m[K/home/vincent-pc/ros2_foxy/src/my_cpp_pkg/src/hw_status_publisher.cpp:14:5:[m[K [01;31m[Kerror: [m[Kexpected â€˜[01m[K;[m[Kâ€™ before â€˜[01m[K}[m[Kâ€™ token
[1.389s]    14 |     [01;31m[K}[m[K
[1.389s]       |     [01;31m[K^[m[K
[1.398s] [01m[K/home/vincent-pc/ros2_foxy/src/my_cpp_pkg/src/hw_status_publisher.cpp:[m[K In member function â€˜[01m[Kint HardwareStatusPublisher::publishHardwareStatus()[m[Kâ€™:
[1.398s] [01m[K/home/vincent-pc/ros2_foxy/src/my_cpp_pkg/src/hw_status_publisher.cpp:24:5:[m[K [01;35m[Kwarning: [m[Kno return statement in function returning non-void [[01;35m[K-Wreturn-type[m[K]
[1.398s]    24 |     [01;35m[K}[m[K
[1.398s]       |     [01;35m[K^[m[K
[2.220s] make[2]: *** [CMakeFiles/hardware_status_publisher_cpp.dir/build.make:63: CMakeFiles/hardware_status_publisher_cpp.dir/src/hw_status_publisher.cpp.o] Error 1
[2.220s] make[1]: *** [CMakeFiles/Makefile2:125: CMakeFiles/hardware_status_publisher_cpp.dir/all] Error 2
[2.220s] make: *** [Makefile:141: all] Error 2
[2.222s] Invoked command in '/home/vincent-pc/ros2_foxy/build/my_cpp_pkg' returned '2': CMAKE_PREFIX_PATH=${CMAKE_PREFIX_PATH}:/home/vincent-pc/ros2_foxy/install/my_py_pkg:/home/vincent-pc/ros2_ws/install/py_srvcli:/home/vincent-pc/ros2_ws/install/py_pubsub:/home/vincent-pc/ros2_ws/install/my_package_Py:/home/vincent-pc/ros2_ws/install/examples_rclpy_minimal_subscriber:/home/vincent-pc/ros2_ws/install/examples_rclpy_minimal_service:/home/vincent-pc/ros2_ws/install/examples_rclpy_minimal_publisher:/home/vincent-pc/ros2_ws/install/examples_rclpy_minimal_client:/home/vincent-pc/ros2_ws/install/examples_rclpy_minimal_action_server:/home/vincent-pc/ros2_ws/install/examples_rclpy_minimal_action_client:/home/vincent-pc/ros2_ws/install/examples_rclpy_executors:/opt/ros/foxy /usr/bin/cmake --build /home/vincent-pc/ros2_foxy/build/my_cpp_pkg -- -j8 -l8
