[0.017s] Invoking command in '/home/vincent-pc/ros2_foxy/build/my_cpp_pkg': CMAKE_PREFIX_PATH=${CMAKE_PREFIX_PATH}:/home/vincent-pc/ros2_foxy/install/my_py_pkg:/home/vincent-pc/ros2_ws/install/py_srvcli:/home/vincent-pc/ros2_ws/install/py_pubsub:/home/vincent-pc/ros2_ws/install/my_package_Py:/home/vincent-pc/ros2_ws/install/examples_rclpy_minimal_subscriber:/home/vincent-pc/ros2_ws/install/examples_rclpy_minimal_service:/home/vincent-pc/ros2_ws/install/examples_rclpy_minimal_publisher:/home/vincent-pc/ros2_ws/install/examples_rclpy_minimal_client:/home/vincent-pc/ros2_ws/install/examples_rclpy_minimal_action_server:/home/vincent-pc/ros2_ws/install/examples_rclpy_minimal_action_client:/home/vincent-pc/ros2_ws/install/examples_rclpy_executors:/opt/ros/foxy /usr/bin/cmake --build /home/vincent-pc/ros2_foxy/build/my_cpp_pkg -- -j8 -l8
[0.085s] [35m[1mScanning dependencies of target robot_news_station_cpp[0m
[0.120s] [  8%] Built target led_panel_cpp
[0.122s] [ 25%] Built target cpp_node
[0.122s] [ 25%] Built target add_two_ints_server_cpp
[0.133s] [ 33%] Built target hardware_status_publisher_cpp
[0.137s] [ 41%] Built target smartphone_cpp
[0.138s] [ 45%] [32mBuilding CXX object CMakeFiles/robot_news_station_cpp.dir/src/robot_news_station.cpp.o[0m
[0.140s] [ 54%] Built target number_counter_cpp
[0.143s] [ 62%] Built target add_two_ints_client_no_oop
[0.184s] [ 70%] Built target number_publisher_cpp
[0.188s] [ 79%] Built target number_counter_server_cpp
[0.189s] [ 87%] Built target reset_number_client
[0.192s] [ 95%] Built target add_two_ints_client
[1.470s] [01m[K/home/vincent-pc/ros2_foxy/src/my_cpp_pkg/src/robot_news_station.cpp:[m[K In constructor â€˜[01m[KRobotNewsStationNode::RobotNewsStationNode()[m[Kâ€™:
[1.471s] [01m[K/home/vincent-pc/ros2_foxy/src/my_cpp_pkg/src/robot_news_station.cpp:15:9:[m[K [01;31m[Kerror: [m[Kâ€˜[01m[Ktext1_[m[Kâ€™ was not declared in this scope
[1.471s]    15 |         [01;31m[Ktext1_[m[K =this->get_parameter("text1").as_string();
[1.471s]       |         [01;31m[K^~~~~~[m[K
[2.344s] make[2]: *** [CMakeFiles/robot_news_station_cpp.dir/build.make:63: CMakeFiles/robot_news_station_cpp.dir/src/robot_news_station.cpp.o] Error 1
[2.345s] make[1]: *** [CMakeFiles/Makefile2:262: CMakeFiles/robot_news_station_cpp.dir/all] Error 2
[2.345s] make: *** [Makefile:141: all] Error 2
[2.347s] Invoked command in '/home/vincent-pc/ros2_foxy/build/my_cpp_pkg' returned '2': CMAKE_PREFIX_PATH=${CMAKE_PREFIX_PATH}:/home/vincent-pc/ros2_foxy/install/my_py_pkg:/home/vincent-pc/ros2_ws/install/py_srvcli:/home/vincent-pc/ros2_ws/install/py_pubsub:/home/vincent-pc/ros2_ws/install/my_package_Py:/home/vincent-pc/ros2_ws/install/examples_rclpy_minimal_subscriber:/home/vincent-pc/ros2_ws/install/examples_rclpy_minimal_service:/home/vincent-pc/ros2_ws/install/examples_rclpy_minimal_publisher:/home/vincent-pc/ros2_ws/install/examples_rclpy_minimal_client:/home/vincent-pc/ros2_ws/install/examples_rclpy_minimal_action_server:/home/vincent-pc/ros2_ws/install/examples_rclpy_minimal_action_client:/home/vincent-pc/ros2_ws/install/examples_rclpy_executors:/opt/ros/foxy /usr/bin/cmake --build /home/vincent-pc/ros2_foxy/build/my_cpp_pkg -- -j8 -l8
