<?xml version="1.0" encoding="UTF-8"?>
<Site BuildName="(empty)"
	BuildStamp="20250515-0151-Experimental"
	Name="vincentpc-Aspire-A315-57G"
	Generator="ctest-3.16.3"
	CompilerName="/usr/bin/c++"
	CompilerVersion="9.4.0"
	OSName="Linux"
	Hostname="vincentpc-Aspire-A315-57G"
	OSRelease="5.4.0-215-generic"
	OSVersion="#235-Ubuntu SMP Fri Apr 11 21:55:32 UTC 2025"
	OSPlatform="x86_64"
	Is64Bits="1"
	VendorString="GenuineIntel"
	VendorID="Intel Corporation"
	FamilyID="6"
	ModelID="126"
	ProcessorCacheSize="6144"
	NumberOfLogicalCPU="8"
	NumberOfPhysicalCPU="4"
	TotalVirtualMemory="4290"
	TotalPhysicalMemory="7721"
	LogicalProcessorsPerPhysical="2"
	ProcessorClockFrequency="3030.65"
	>
	<Testing>
		<StartDateTime>May 14 20:51 -05</StartDateTime>
		<StartTestTime>1747273892</StartTestTime>
		<TestList/>
		<EndDateTime>May 14 20:51 -05</EndDateTime>
		<EndTestTime>1747273892</EndTestTime>
		<ElapsedMinutes>0</ElapsedMinutes>
	</Testing>
</Site>
