[0.013s] Invoking command in '/home/vincent-pc/ros2_foxy/build/my_cpp_pkg': CMAKE_PREFIX_PATH=${CMAKE_PREFIX_PATH}:/home/vincent-pc/ros2_foxy/install/my_py_pkg:/home/vincent-pc/ros2_ws/install/py_srvcli:/home/vincent-pc/ros2_ws/install/py_pubsub:/home/vincent-pc/ros2_ws/install/my_package_Py:/home/vincent-pc/ros2_ws/install/examples_rclpy_minimal_subscriber:/home/vincent-pc/ros2_ws/install/examples_rclpy_minimal_service:/home/vincent-pc/ros2_ws/install/examples_rclpy_minimal_publisher:/home/vincent-pc/ros2_ws/install/examples_rclpy_minimal_client:/home/vincent-pc/ros2_ws/install/examples_rclpy_minimal_action_server:/home/vincent-pc/ros2_ws/install/examples_rclpy_minimal_action_client:/home/vincent-pc/ros2_ws/install/examples_rclpy_executors:/opt/ros/foxy /usr/bin/cmake --build /home/vincent-pc/ros2_foxy/build/my_cpp_pkg -- -j8 -l8
[0.059s] [35m[1mScanning dependencies of target add_two_ints_server_cpp[0m
[0.086s] [ 16%] Built target cpp_node
[0.088s] [ 50%] Built target robot_news_station_cpp
[0.088s] [ 50%] Built target number_publisher_cpp
[0.089s] [ 66%] Built target smartphone_cpp
[0.093s] [ 83%] Built target number_counter_cpp
[0.095s] [ 91%] [32mBuilding CXX object CMakeFiles/add_two_ints_server_cpp.dir/src/add_two_ints_server.cpp.o[0m
[1.328s] [01m[K/home/vincent-pc/ros2_foxy/src/my_cpp_pkg/src/add_two_ints_server.cpp:11:26:[m[K [01;31m[Kerror: [m[KISO C++ forbids declaration of â€˜[01m[KAddTwoIntsServerNode[m[Kâ€™ with no type [[01;31m[K-fpermissive[m[K]
[1.328s]    11 |     AddTwoIntsServerNode([01;31m[K)[m[K : Node("add_two_ints_server_cpp")
[1.328s]       |                          [01;31m[K^[m[K
[1.328s] [01m[K/home/vincent-pc/ros2_foxy/src/my_cpp_pkg/src/add_two_ints_server.cpp:21:9:[m[K [01;31m[Kerror: [m[KISO C++ forbids declaration of â€˜[01m[Kparameter[m[Kâ€™ with no type [[01;31m[K-fpermissive[m[K]
[1.328s]    21 |         [01;31m[Kconst[m[K <example_interfaces::srv::AddTwoInts::Request::SharedPtr> request,
[1.329s]       |         [01;31m[K^~~~~[m[K
[1.329s] [01m[K/home/vincent-pc/ros2_foxy/src/my_cpp_pkg/src/add_two_ints_server.cpp:21:15:[m[K [01;31m[Kerror: [m[Kexpected â€˜[01m[K,[m[Kâ€™ or â€˜[01m[K...[m[Kâ€™ before â€˜[01m[K<[m[Kâ€™ token
[1.329s]    21 |         const [01;31m[K<[m[Kexample_interfaces::srv::AddTwoInts::Request::SharedPtr> request,
[1.329s]       |               [01;31m[K^[m[K
[1.333s] [01m[K/home/vincent-pc/ros2_foxy/src/my_cpp_pkg/src/add_two_ints_server.cpp:[m[K In member function â€˜[01m[Kint MyCustomNode::AddTwoIntsServerNode()[m[Kâ€™:
[1.333s] [01m[K/home/vincent-pc/ros2_foxy/src/my_cpp_pkg/src/add_two_ints_server.cpp:11:30:[m[K [01;31m[Kerror: [m[Konly constructors take member initializers
[1.333s]    11 |     AddTwoIntsServerNode() : [01;31m[KNode[m[K("add_two_ints_server_cpp")
[1.333s]       |                              [01;31m[K^~~~[m[K
[1.333s] [01m[K/home/vincent-pc/ros2_foxy/src/my_cpp_pkg/src/add_two_ints_server.cpp:15:26:[m[K [01;31m[Kerror: [m[Kâ€˜[01m[KAddTwoIntsServerNode[m[Kâ€™ is not a class, namespace, or enumeration
[1.334s]    15 |                         &[01;31m[KAddTwoIntsServerNode[m[K::callbackAddTwoInts, this, _1, _2));
[1.334s]       |                          [01;31m[K^~~~~~~~~~~~~~~~~~~~[m[K
[1.334s] [01m[K/home/vincent-pc/ros2_foxy/src/my_cpp_pkg/src/add_two_ints_server.cpp:17:5:[m[K [01;35m[Kwarning: [m[Kno return statement in function returning non-void [[01;35m[K-Wreturn-type[m[K]
[1.334s]    17 |     [01;35m[K}[m[K
[1.334s]       |     [01;35m[K^[m[K
[1.336s] [01m[K/home/vincent-pc/ros2_foxy/src/my_cpp_pkg/src/add_two_ints_server.cpp:[m[K In member function â€˜[01m[Kvoid MyCustomNode::callbackAddTwoInts(int)[m[Kâ€™:
[1.336s] [01m[K/home/vincent-pc/ros2_foxy/src/my_cpp_pkg/src/add_two_ints_server.cpp:24:9:[m[K [01;31m[Kerror: [m[Kâ€˜[01m[Kresponse[m[Kâ€™ was not declared in this scope
[1.336s]    24 |         [01;31m[Kresponse[m[K->sum = request -> a + request ->b;
[1.336s]       |         [01;31m[K^~~~~~~~[m[K
[1.338s] [01m[K/home/vincent-pc/ros2_foxy/src/my_cpp_pkg/src/add_two_ints_server.cpp:24:25:[m[K [01;31m[Kerror: [m[Kâ€˜[01m[Krequest[m[Kâ€™ was not declared in this scope
[1.338s]    24 |         response->sum = [01;31m[Krequest[m[K -> a + request ->b;
[1.338s]       |                         [01;31m[K^~~~~~~[m[K
[1.343s] [01m[K/home/vincent-pc/ros2_foxy/src/my_cpp_pkg/src/add_two_ints_server.cpp:[m[K In function â€˜[01m[Kint main(int, char**)[m[Kâ€™:
[1.343s] [01m[K/home/vincent-pc/ros2_foxy/src/my_cpp_pkg/src/add_two_ints_server.cpp:35:34:[m[K [01;31m[Kerror: [m[Kâ€˜[01m[KAddTwoIntsServerNode[m[Kâ€™ was not declared in this scope
[1.343s]    35 |     auto node = std::make_shared<[01;31m[KAddTwoIntsServerNode[m[K>();
[1.343s]       |                                  [01;31m[K^~~~~~~~~~~~~~~~~~~~[m[K
[1.343s] [01m[K/home/vincent-pc/ros2_foxy/src/my_cpp_pkg/src/add_two_ints_server.cpp:35:56:[m[K [01;31m[Kerror: [m[Kno matching function for call to â€˜[01m[Kmake_shared<<expression error> >()[m[Kâ€™
[1.344s]    35 |     auto node = std::make_shared<AddTwoIntsServerNode>([01;31m[K)[m[K;
[1.344s]       |                                                        [01;31m[K^[m[K
[1.344s] In file included from [01m[K/usr/include/c++/9/memory:81[m[K,
[1.344s]                  from [01m[K/opt/ros/foxy/include/rclcpp/rclcpp.hpp:144[m[K,
[1.344s]                  from [01m[K/home/vincent-pc/ros2_foxy/src/my_cpp_pkg/src/add_two_ints_server.cpp:1[m[K:
[1.344s] [01m[K/usr/include/c++/9/bits/shared_ptr.h:714:5:[m[K [01;36m[Knote: [m[Kcandidate: â€˜[01m[Ktemplate<class _Tp, class ... _Args> std::shared_ptr<_Tp> std::make_shared(_Args&& ...)[m[Kâ€™
[1.345s]   714 |     [01;36m[Kmake_shared[m[K(_Args&&... __args)
[1.345s]       |     [01;36m[K^~~~~~~~~~~[m[K
[1.345s] [01m[K/usr/include/c++/9/bits/shared_ptr.h:714:5:[m[K [01;36m[Knote: [m[K  template argument deduction/substitution failed:
[1.345s] [01m[K/home/vincent-pc/ros2_foxy/src/my_cpp_pkg/src/add_two_ints_server.cpp:35:56:[m[K [01;31m[Kerror: [m[Ktemplate argument 1 is invalid
[1.345s]    35 |     auto node = std::make_shared<AddTwoIntsServerNode>([01;31m[K)[m[K;
[1.345s]       |                                                        [01;31m[K^[m[K
[1.684s] make[2]: *** [CMakeFiles/add_two_ints_server_cpp.dir/build.make:63: CMakeFiles/add_two_ints_server_cpp.dir/src/add_two_ints_server.cpp.o] Error 1
[1.684s] make[1]: *** [CMakeFiles/Makefile2:115: CMakeFiles/add_two_ints_server_cpp.dir/all] Error 2
[1.684s] make: *** [Makefile:141: all] Error 2
[1.687s] Invoked command in '/home/vincent-pc/ros2_foxy/build/my_cpp_pkg' returned '2': CMAKE_PREFIX_PATH=${CMAKE_PREFIX_PATH}:/home/vincent-pc/ros2_foxy/install/my_py_pkg:/home/vincent-pc/ros2_ws/install/py_srvcli:/home/vincent-pc/ros2_ws/install/py_pubsub:/home/vincent-pc/ros2_ws/install/my_package_Py:/home/vincent-pc/ros2_ws/install/examples_rclpy_minimal_subscriber:/home/vincent-pc/ros2_ws/install/examples_rclpy_minimal_service:/home/vincent-pc/ros2_ws/install/examples_rclpy_minimal_publisher:/home/vincent-pc/ros2_ws/install/examples_rclpy_minimal_client:/home/vincent-pc/ros2_ws/install/examples_rclpy_minimal_action_server:/home/vincent-pc/ros2_ws/install/examples_rclpy_minimal_action_client:/home/vincent-pc/ros2_ws/install/examples_rclpy_executors:/opt/ros/foxy /usr/bin/cmake --build /home/vincent-pc/ros2_foxy/build/my_cpp_pkg -- -j8 -l8
