-- The C compiler identification is GNU 9.4.0
-- The CXX compiler identification is GNU 9.4.0
-- Check for working C compiler: /usr/bin/cc
-- Check for working C compiler: /usr/bin/cc -- works
-- Detecting C compiler ABI info
-- Detecting C compiler ABI info - done
-- Detecting C compile features
-- Detecting C compile features - done
-- Check for working CXX compiler: /usr/bin/c++
-- Check for working CXX compiler: /usr/bin/c++ -- works
-- Detecting CXX compiler ABI info
-- Detecting CXX compiler ABI info - done
-- Detecting CXX compile features
-- Detecting CXX compile features - done
-- Found ament_cmake: 0.9.12 (/opt/ros/foxy/share/ament_cmake/cmake)
-- Found PythonInterp: /usr/bin/python3 (found suitable version "3.8.10", minimum required is "3") 
-- Using PYTHON_EXECUTABLE: /usr/bin/python3
-- Found rclcpp: 2.4.3 (/opt/ros/foxy/share/rclcpp/cmake)
-- Using all available rosidl_typesupport_c: rosidl_typesupport_fastrtps_c;rosidl_typesupport_introspection_c
-- Found rosidl_adapter: 1.3.1 (/opt/ros/foxy/share/rosidl_adapter/cmake)
-- Found OpenSSL: /usr/lib/x86_64-linux-gnu/libcrypto.so (found version "1.1.1f")  
-- Found FastRTPS: /opt/ros/foxy/include  
-- Using all available rosidl_typesupport_cpp: rosidl_typesupport_fastrtps_cpp;rosidl_typesupport_introspection_cpp
-- Found rmw_implementation_cmake: 1.0.4 (/opt/ros/foxy/share/rmw_implementation_cmake/cmake)
-- Using RMW implementation 'rmw_fastrtps_cpp' as default
-- Looking for pthread.h
-- Looking for pthread.h - found
-- Performing Test CMAKE_HAVE_LIBC_PTHREAD
-- Performing Test CMAKE_HAVE_LIBC_PTHREAD - Failed
-- Looking for pthread_create in pthreads
-- Looking for pthread_create in pthreads - not found
-- Looking for pthread_create in pthread
-- Looking for pthread_create in pthread - found
-- Found Threads: TRUE  
-- Found turtlesim: 1.2.6 (/opt/ros/foxy/share/turtlesim/cmake)
-- Found geometry_msgs: 2.0.5 (/opt/ros/foxy/share/geometry_msgs/cmake)
-- Configuring done
-- Generating done
-- Build files have been written to: /home/vincent-pc/ros2_foxy/build/turtlesim_catch_them_all_cpp
[35m[1mScanning dependencies of target controller[0m
[ 50%] [32mBuilding CXX object CMakeFiles/controller.dir/src/turtle_controller.cpp.o[0m
[01m[K/home/vincent-pc/ros2_foxy/src/turtlesim_catch_them_all_cpp/src/turtle_controller.cpp:2:17:[m[K [01;35m[Kwarning: [m[Kextra tokens at end of #include directive
    2 | #include <cmath>[01;35m[K>[m[K
      |                 [01;35m[K^[m[K
[01m[K/home/vincent-pc/ros2_foxy/src/turtlesim_catch_them_all_cpp/src/turtle_controller.cpp:[m[K In constructor â€˜[01m[KTurtleControllerNode::TurtleControllerNode()[m[Kâ€™:
[01m[K/home/vincent-pc/ros2_foxy/src/turtlesim_catch_them_all_cpp/src/turtle_controller.cpp:12:68:[m[K [01;31m[Kerror: [m[Kclass â€˜[01m[KTurtleControllerNode[m[Kâ€™ does not have any field named â€˜[01m[Kturtlesim_up_[m[Kâ€™
   12 | ontrollerNode() : Node("controller_cpp"), name_("turtle1"), [01;31m[Kturtlesim_up_[m[K(false)
      |                                                             [01;31m[K^~~~~~~~~~~~~[m[K

[01m[K/home/vincent-pc/ros2_foxy/src/turtlesim_catch_them_all_cpp/src/turtle_controller.cpp:17:53:[m[K [01;31m[Kerror: [m[Kâ€˜[01m[Kgeometry_msg[m[Kâ€™ was not declared in this scope; did you mean â€˜[01m[Kgeometry_msgs[m[Kâ€™?
   17 |         cmd_vel_publisher_ = this->create_publisher<[01;31m[Kgeometry_msg[m[K::msg::Twist>(name_ + "/cmd_vel", 10);
      |                                                     [01;31m[K^~~~~~~~~~~~[m[K
      |                                                     [32m[Kgeometry_msgs[m[K
[01m[K/home/vincent-pc/ros2_foxy/src/turtlesim_catch_them_all_cpp/src/turtle_controller.cpp:17:36:[m[K [01;31m[Kerror: [m[Kparse error in template argument list
   17 |         cmd_vel_publisher_ = this->[01;31m[Kcreate_publisher<geometry_msg::msg::Twist>[m[K(name_ + "/cmd_vel", 10);
      |                                    [01;31m[K^~~~~~~~~~~~~~~~~~~~~~~~~~~~~~~~~~~~~~~~~~[m[K
[01m[K/home/vincent-pc/ros2_foxy/src/turtlesim_catch_them_all_cpp/src/turtle_controller.cpp:17:101:[m[K [01;31m[Kerror: [m[Kno matching function for call to â€˜[01m[KTurtleControllerNode::create_publisher<<expression error> >(std::__cxx11::basic_string<char>, int)[m[Kâ€™
   17 | e_publisher<geometry_msg::msg::Twist>(name_ + "/cmd_vel", 10[01;31m[K)[m[K;
      |                                                             [01;31m[K^[m[K

In file included from [01m[K/opt/ros/foxy/include/rclcpp/executors/single_threaded_executor.hpp:28[m[K,
                 from [01m[K/opt/ros/foxy/include/rclcpp/executors.hpp:22[m[K,
                 from [01m[K/opt/ros/foxy/include/rclcpp/rclcpp.hpp:146[m[K,
                 from [01m[K/home/vincent-pc/ros2_foxy/src/turtlesim_catch_them_all_cpp/src/turtle_controller.cpp:1[m[K:
[01m[K/opt/ros/foxy/include/rclcpp/node.hpp:184:3:[m[K [01;36m[Knote: [m[Kcandidate: â€˜[01m[Ktemplate<class MessageT, class AllocatorT, class PublisherT> std::shared_ptr<PublisherT> rclcpp::Node::create_publisher(const string&, const rclcpp::QoS&, const rclcpp::PublisherOptionsWithAllocator<AllocatorT>&)[m[Kâ€™
  184 |   [01;36m[Kcreate_publisher[m[K(
      |   [01;36m[K^~~~~~~~~~~~~~~~[m[K
[01m[K/opt/ros/foxy/include/rclcpp/node.hpp:184:3:[m[K [01;36m[Knote: [m[K  template argument deduction/substitution failed:
[01m[K/home/vincent-pc/ros2_foxy/src/turtlesim_catch_them_all_cpp/src/turtle_controller.cpp:17:101:[m[K [01;31m[Kerror: [m[Ktemplate argument 1 is invalid
   17 | e_publisher<geometry_msg::msg::Twist>(name_ + "/cmd_vel", 10[01;31m[K)[m[K;
      |                                                             [01;31m[K^[m[K

[01m[K/home/vincent-pc/ros2_foxy/src/turtlesim_catch_them_all_cpp/src/turtle_controller.cpp:19:9:[m[K [01;31m[Kerror: [m[Kâ€˜[01m[Kpose_subcriber_[m[Kâ€™ was not declared in this scope; did you mean â€˜[01m[Kcount_subscribers[m[Kâ€™?
   19 |         [01;31m[Kpose_subcriber_[m[K = this->create_subscription<turtlesim::msg::Pose>(
      |         [01;31m[K^~~~~~~~~~~~~~~[m[K
      |         [32m[Kcount_subscribers[m[K
[01m[K/home/vincent-pc/ros2_foxy/src/turtlesim_catch_them_all_cpp/src/turtle_controller.cpp:21:9:[m[K [01;31m[Kerror: [m[Kâ€˜[01m[Kcontrol_loop_timer_[m[Kâ€™ was not declared in this scope; did you mean â€˜[01m[Kcontrol_loop_timer[m[Kâ€™?
   21 |         [01;31m[Kcontrol_loop_timer_[m[K = this->create_wall_timer(0.01s,
      |         [01;31m[K^~~~~~~~~~~~~~~~~~~[m[K
      |         [32m[Kcontrol_loop_timer[m[K
[01m[K/home/vincent-pc/ros2_foxy/src/turtlesim_catch_them_all_cpp/src/turtle_controller.cpp:[m[K In member function â€˜[01m[Kvoid TurtleControllerNode::callback_pose(turtlesim::msg::Pose_<std::allocator<void> >::SharedPtr)[m[Kâ€™:
[01m[K/home/vincent-pc/ros2_foxy/src/turtlesim_catch_them_all_cpp/src/turtle_controller.cpp:30:9:[m[K [01;31m[Kerror: [m[Kâ€˜[01m[Kturtlesim_up_[m[Kâ€™ was not declared in this scope; did you mean â€˜[01m[Kturtlesim_up[m[Kâ€™?
   30 |         [01;31m[Kturtlesim_up_[m[K = true;
      |         [01;31m[K^~~~~~~~~~~~~[m[K
      |         [32m[Kturtlesim_up[m[K
[01m[K/home/vincent-pc/ros2_foxy/src/turtlesim_catch_them_all_cpp/src/turtle_controller.cpp:[m[K In member function â€˜[01m[Kvoid TurtleControllerNode::control_loop()[m[Kâ€™:
[01m[K/home/vincent-pc/ros2_foxy/src/turtlesim_catch_them_all_cpp/src/turtle_controller.cpp:35:14:[m[K [01;31m[Kerror: [m[Kâ€˜[01m[Kturtlesim_up_[m[Kâ€™ was not declared in this scope; did you mean â€˜[01m[Kturtlesim_up[m[Kâ€™?
   35 |         if (![01;31m[Kturtlesim_up_[m[K)
      |              [01;31m[K^~~~~~~~~~~~~[m[K
      |              [32m[Kturtlesim_up[m[K
make[2]: *** [CMakeFiles/controller.dir/build.make:63: CMakeFiles/controller.dir/src/turtle_controller.cpp.o] Error 1
make[1]: *** [CMakeFiles/Makefile2:78: CMakeFiles/controller.dir/all] Error 2
make: *** [Makefile:141: all] Error 2
