[0.013s] Invoking command in '/home/vincent-pc/ros2_foxy/build/turtlesim_catch_them_all_cpp': CMAKE_PREFIX_PATH=${CMAKE_PREFIX_PATH}:/home/vincent-pc/ros2_foxy/install/turtlesim_catch_them_all_py:/home/vincent-pc/ros2_foxy/install/my_py_pkg:/opt/ros/foxy /usr/bin/cmake /home/vincent-pc/ros2_foxy/src/turtlesim_catch_them_all_cpp -DCMAKE_INSTALL_PREFIX=/home/vincent-pc/ros2_foxy/install/turtlesim_catch_them_all_cpp
[0.098s] -- The C compiler identification is GNU 9.4.0
[0.285s] -- The CXX compiler identification is GNU 9.4.0
[0.296s] -- Check for working C compiler: /usr/bin/cc
[0.395s] -- Check for working C compiler: /usr/bin/cc -- works
[0.396s] -- Detecting C compiler ABI info
[0.470s] -- Detecting C compiler ABI info - done
[0.483s] -- Detecting C compile features
[0.484s] -- Detecting C compile features - done
[0.487s] -- Check for working CXX compiler: /usr/bin/c++
[0.564s] -- Check for working CXX compiler: /usr/bin/c++ -- works
[0.565s] -- Detecting CXX compiler ABI info
[0.663s] -- Detecting CXX compiler ABI info - done
[0.676s] -- Detecting CXX compile features
[0.677s] -- Detecting CXX compile features - done
[0.681s] -- Found ament_cmake: 0.9.12 (/opt/ros/foxy/share/ament_cmake/cmake)
[0.710s] -- Found PythonInterp: /usr/bin/python3 (found suitable version "3.8.10", minimum required is "3") 
[0.710s] -- Using PYTHON_EXECUTABLE: /usr/bin/python3
[0.932s] -- Found rclcpp: 2.4.3 (/opt/ros/foxy/share/rclcpp/cmake)
[0.977s] -- Using all available rosidl_typesupport_c: rosidl_typesupport_fastrtps_c;rosidl_typesupport_introspection_c
[0.985s] -- Found rosidl_adapter: 1.3.1 (/opt/ros/foxy/share/rosidl_adapter/cmake)
[1.057s] -- Found OpenSSL: /usr/lib/x86_64-linux-gnu/libcrypto.so (found version "1.1.1f")  
[1.077s] -- Found FastRTPS: /opt/ros/foxy/include  
[1.166s] -- Using all available rosidl_typesupport_cpp: rosidl_typesupport_fastrtps_cpp;rosidl_typesupport_introspection_cpp
[1.230s] -- Found rmw_implementation_cmake: 1.0.4 (/opt/ros/foxy/share/rmw_implementation_cmake/cmake)
[1.232s] -- Using RMW implementation 'rmw_fastrtps_cpp' as default
[1.234s] -- Looking for pthread.h
[1.306s] -- Looking for pthread.h - found
[1.306s] -- Performing Test CMAKE_HAVE_LIBC_PTHREAD
[1.390s] -- Performing Test CMAKE_HAVE_LIBC_PTHREAD - Failed
[1.390s] -- Looking for pthread_create in pthreads
[1.457s] -- Looking for pthread_create in pthreads - not found
[1.457s] -- Looking for pthread_create in pthread
[1.526s] -- Looking for pthread_create in pthread - found
[1.528s] -- Found Threads: TRUE  
[1.685s] -- Found turtlesim: 1.2.6 (/opt/ros/foxy/share/turtlesim/cmake)
[1.794s] -- Found geometry_msgs: 2.0.5 (/opt/ros/foxy/share/geometry_msgs/cmake)
[1.915s] -- Configuring done
[1.932s] -- Generating done
[1.936s] -- Build files have been written to: /home/vincent-pc/ros2_foxy/build/turtlesim_catch_them_all_cpp
[1.946s] Invoked command in '/home/vincent-pc/ros2_foxy/build/turtlesim_catch_them_all_cpp' returned '0': CMAKE_PREFIX_PATH=${CMAKE_PREFIX_PATH}:/home/vincent-pc/ros2_foxy/install/turtlesim_catch_them_all_py:/home/vincent-pc/ros2_foxy/install/my_py_pkg:/opt/ros/foxy /usr/bin/cmake /home/vincent-pc/ros2_foxy/src/turtlesim_catch_them_all_cpp -DCMAKE_INSTALL_PREFIX=/home/vincent-pc/ros2_foxy/install/turtlesim_catch_them_all_cpp
[1.950s] Invoking command in '/home/vincent-pc/ros2_foxy/build/turtlesim_catch_them_all_cpp': CMAKE_PREFIX_PATH=${CMAKE_PREFIX_PATH}:/home/vincent-pc/ros2_foxy/install/turtlesim_catch_them_all_py:/home/vincent-pc/ros2_foxy/install/my_py_pkg:/opt/ros/foxy /usr/bin/cmake --build /home/vincent-pc/ros2_foxy/build/turtlesim_catch_them_all_cpp -- -j8 -l8
[1.997s] [35m[1mScanning dependencies of target controller[0m
[2.031s] [ 50%] [32mBuilding CXX object CMakeFiles/controller.dir/src/turtle_controller.cpp.o[0m
[2.124s] [01m[K/home/vincent-pc/ros2_foxy/src/turtlesim_catch_them_all_cpp/src/turtle_controller.cpp:2:17:[m[K [01;35m[Kwarning: [m[Kextra tokens at end of #include directive
[2.124s]     2 | #include <cmath>[01;35m[K>[m[K
[2.124s]       |                 [01;35m[K^[m[K
[3.366s] [01m[K/home/vincent-pc/ros2_foxy/src/turtlesim_catch_them_all_cpp/src/turtle_controller.cpp:[m[K In constructor â€˜[01m[KTurtleControllerNode::TurtleControllerNode()[m[Kâ€™:
[3.366s] [01m[K/home/vincent-pc/ros2_foxy/src/turtlesim_catch_them_all_cpp/src/turtle_controller.cpp:12:68:[m[K [01;31m[Kerror: [m[Kclass â€˜[01m[KTurtleControllerNode[m[Kâ€™ does not have any field named â€˜[01m[Kturtlesim_up_[m[Kâ€™
[3.366s]    12 | ontrollerNode() : Node("controller_cpp"), name_("turtle1"), [01;31m[Kturtlesim_up_[m[K(false)
[3.366s]       |                                                             [01;31m[K^~~~~~~~~~~~~[m[K
[3.366s] 
[3.368s] [01m[K/home/vincent-pc/ros2_foxy/src/turtlesim_catch_them_all_cpp/src/turtle_controller.cpp:17:53:[m[K [01;31m[Kerror: [m[Kâ€˜[01m[Kgeometry_msg[m[Kâ€™ was not declared in this scope; did you mean â€˜[01m[Kgeometry_msgs[m[Kâ€™?
[3.368s]    17 |         cmd_vel_publisher_ = this->create_publisher<[01;31m[Kgeometry_msg[m[K::msg::Twist>(name_ + "/cmd_vel", 10);
[3.368s]       |                                                     [01;31m[K^~~~~~~~~~~~[m[K
[3.368s]       |                                                     [32m[Kgeometry_msgs[m[K
[3.368s] [01m[K/home/vincent-pc/ros2_foxy/src/turtlesim_catch_them_all_cpp/src/turtle_controller.cpp:17:36:[m[K [01;31m[Kerror: [m[Kparse error in template argument list
[3.368s]    17 |         cmd_vel_publisher_ = this->[01;31m[Kcreate_publisher<geometry_msg::msg::Twist>[m[K(name_ + "/cmd_vel", 10);
[3.368s]       |                                    [01;31m[K^~~~~~~~~~~~~~~~~~~~~~~~~~~~~~~~~~~~~~~~~~[m[K
[3.368s] [01m[K/home/vincent-pc/ros2_foxy/src/turtlesim_catch_them_all_cpp/src/turtle_controller.cpp:17:101:[m[K [01;31m[Kerror: [m[Kno matching function for call to â€˜[01m[KTurtleControllerNode::create_publisher<<expression error> >(std::__cxx11::basic_string<char>, int)[m[Kâ€™
[3.368s]    17 | e_publisher<geometry_msg::msg::Twist>(name_ + "/cmd_vel", 10[01;31m[K)[m[K;
[3.368s]       |                                                             [01;31m[K^[m[K
[3.369s] 
[3.369s] In file included from [01m[K/opt/ros/foxy/include/rclcpp/executors/single_threaded_executor.hpp:28[m[K,
[3.369s]                  from [01m[K/opt/ros/foxy/include/rclcpp/executors.hpp:22[m[K,
[3.369s]                  from [01m[K/opt/ros/foxy/include/rclcpp/rclcpp.hpp:146[m[K,
[3.369s]                  from [01m[K/home/vincent-pc/ros2_foxy/src/turtlesim_catch_them_all_cpp/src/turtle_controller.cpp:1[m[K:
[3.369s] [01m[K/opt/ros/foxy/include/rclcpp/node.hpp:184:3:[m[K [01;36m[Knote: [m[Kcandidate: â€˜[01m[Ktemplate<class MessageT, class AllocatorT, class PublisherT> std::shared_ptr<PublisherT> rclcpp::Node::create_publisher(const string&, const rclcpp::QoS&, const rclcpp::PublisherOptionsWithAllocator<AllocatorT>&)[m[Kâ€™
[3.369s]   184 |   [01;36m[Kcreate_publisher[m[K(
[3.369s]       |   [01;36m[K^~~~~~~~~~~~~~~~[m[K
[3.369s] [01m[K/opt/ros/foxy/include/rclcpp/node.hpp:184:3:[m[K [01;36m[Knote: [m[K  template argument deduction/substitution failed:
[3.369s] [01m[K/home/vincent-pc/ros2_foxy/src/turtlesim_catch_them_all_cpp/src/turtle_controller.cpp:17:101:[m[K [01;31m[Kerror: [m[Ktemplate argument 1 is invalid
[3.369s]    17 | e_publisher<geometry_msg::msg::Twist>(name_ + "/cmd_vel", 10[01;31m[K)[m[K;
[3.369s]       |                                                             [01;31m[K^[m[K
[3.369s] 
[3.371s] [01m[K/home/vincent-pc/ros2_foxy/src/turtlesim_catch_them_all_cpp/src/turtle_controller.cpp:19:9:[m[K [01;31m[Kerror: [m[Kâ€˜[01m[Kpose_subcriber_[m[Kâ€™ was not declared in this scope; did you mean â€˜[01m[Kcount_subscribers[m[Kâ€™?
[3.371s]    19 |         [01;31m[Kpose_subcriber_[m[K = this->create_subscription<turtlesim::msg::Pose>(
[3.371s]       |         [01;31m[K^~~~~~~~~~~~~~~[m[K
[3.371s]       |         [32m[Kcount_subscribers[m[K
[3.383s] [01m[K/home/vincent-pc/ros2_foxy/src/turtlesim_catch_them_all_cpp/src/turtle_controller.cpp:21:9:[m[K [01;31m[Kerror: [m[Kâ€˜[01m[Kcontrol_loop_timer_[m[Kâ€™ was not declared in this scope; did you mean â€˜[01m[Kcontrol_loop_timer[m[Kâ€™?
[3.383s]    21 |         [01;31m[Kcontrol_loop_timer_[m[K = this->create_wall_timer(0.01s,
[3.383s]       |         [01;31m[K^~~~~~~~~~~~~~~~~~~[m[K
[3.383s]       |         [32m[Kcontrol_loop_timer[m[K
[3.398s] [01m[K/home/vincent-pc/ros2_foxy/src/turtlesim_catch_them_all_cpp/src/turtle_controller.cpp:[m[K In member function â€˜[01m[Kvoid TurtleControllerNode::callback_pose(turtlesim::msg::Pose_<std::allocator<void> >::SharedPtr)[m[Kâ€™:
[3.398s] [01m[K/home/vincent-pc/ros2_foxy/src/turtlesim_catch_them_all_cpp/src/turtle_controller.cpp:30:9:[m[K [01;31m[Kerror: [m[Kâ€˜[01m[Kturtlesim_up_[m[Kâ€™ was not declared in this scope; did you mean â€˜[01m[Kturtlesim_up[m[Kâ€™?
[3.398s]    30 |         [01;31m[Kturtlesim_up_[m[K = true;
[3.398s]       |         [01;31m[K^~~~~~~~~~~~~[m[K
[3.398s]       |         [32m[Kturtlesim_up[m[K
[3.399s] [01m[K/home/vincent-pc/ros2_foxy/src/turtlesim_catch_them_all_cpp/src/turtle_controller.cpp:[m[K In member function â€˜[01m[Kvoid TurtleControllerNode::control_loop()[m[Kâ€™:
[3.399s] [01m[K/home/vincent-pc/ros2_foxy/src/turtlesim_catch_them_all_cpp/src/turtle_controller.cpp:35:14:[m[K [01;31m[Kerror: [m[Kâ€˜[01m[Kturtlesim_up_[m[Kâ€™ was not declared in this scope; did you mean â€˜[01m[Kturtlesim_up[m[Kâ€™?
[3.399s]    35 |         if (![01;31m[Kturtlesim_up_[m[K)
[3.399s]       |              [01;31m[K^~~~~~~~~~~~~[m[K
[3.399s]       |              [32m[Kturtlesim_up[m[K
[4.866s] make[2]: *** [CMakeFiles/controller.dir/build.make:63: CMakeFiles/controller.dir/src/turtle_controller.cpp.o] Error 1
[4.866s] make[1]: *** [CMakeFiles/Makefile2:78: CMakeFiles/controller.dir/all] Error 2
[4.866s] make: *** [Makefile:141: all] Error 2
[4.869s] Invoked command in '/home/vincent-pc/ros2_foxy/build/turtlesim_catch_them_all_cpp' returned '2': CMAKE_PREFIX_PATH=${CMAKE_PREFIX_PATH}:/home/vincent-pc/ros2_foxy/install/turtlesim_catch_them_all_py:/home/vincent-pc/ros2_foxy/install/my_py_pkg:/opt/ros/foxy /usr/bin/cmake --build /home/vincent-pc/ros2_foxy/build/turtlesim_catch_them_all_cpp -- -j8 -l8
