<?xml version="1.0" encoding="UTF-8"?>
<Site BuildName="(empty)"
	BuildStamp="20250129-0137-Experimental"
	Name="vincentpc-Aspire-A315-57G"
	Generator="ctest-3.16.3"
	CompilerName="/usr/bin/c++"
	CompilerVersion="9.4.0"
	OSName="Linux"
	Hostname="vincentpc-Aspire-A315-57G"
	OSRelease="5.4.0-205-generic"
	OSVersion="#225-Ubuntu SMP Fri Jan 10 22:23:35 UTC 2025"
	OSPlatform="x86_64"
	Is64Bits="1"
	VendorString="GenuineIntel"
	VendorID="Intel Corporation"
	FamilyID="6"
	ModelID="126"
	ProcessorCacheSize="6144"
	NumberOfLogicalCPU="8"
	NumberOfPhysicalCPU="4"
	TotalVirtualMemory="4290"
	TotalPhysicalMemory="7719"
	LogicalProcessorsPerPhysical="2"
	ProcessorClockFrequency="3038.4"
	>
	<Testing>
		<StartDateTime>Jan 28 20:37 -05</StartDateTime>
		<StartTestTime>1738114660</StartTestTime>
		<TestList/>
		<EndDateTime>Jan 28 20:37 -05</EndDateTime>
		<EndTestTime>1738114660</EndTestTime>
		<ElapsedMinutes>0</ElapsedMinutes>
	</Testing>
</Site>
