[0.038s] Invoking command in '/home/vincent-pc/ros2_foxy/build/my_cpp_pkg': CMAKE_PREFIX_PATH=${CMAKE_PREFIX_PATH}:/home/vincent-pc/ros2_foxy/install/turtlesim_catch_them_all_py:/home/vincent-pc/ros2_foxy/install/my_py_pkg:/opt/ros/foxy /usr/bin/cmake /home/vincent-pc/ros2_foxy/src/my_cpp_pkg -DAMENT_CMAKE_SYMLINK_INSTALL=1 -DCMAKE_INSTALL_PREFIX=/home/vincent-pc/ros2_foxy/install/my_cpp_pkg
[0.059s] -- Found ament_cmake: 0.9.12 (/opt/ros/foxy/share/ament_cmake/cmake)
[0.104s] -- Using PYTHON_EXECUTABLE: /usr/bin/python3
[0.492s] -- Override CMake install command with custom implementation using symlinks instead of copying resources
[0.505s] -- Found rclcpp: 2.4.3 (/opt/ros/foxy/share/rclcpp/cmake)
[0.555s] -- Using all available rosidl_typesupport_c: rosidl_typesupport_fastrtps_c;rosidl_typesupport_introspection_c
[0.559s] -- Found rosidl_adapter: 1.3.1 (/opt/ros/foxy/share/rosidl_adapter/cmake)
[0.738s] -- Using all available rosidl_typesupport_cpp: rosidl_typesupport_fastrtps_cpp;rosidl_typesupport_introspection_cpp
[0.838s] -- Found rmw_implementation_cmake: 1.0.4 (/opt/ros/foxy/share/rmw_implementation_cmake/cmake)
[0.840s] -- Using RMW implementation 'rmw_fastrtps_cpp' as default
[1.029s] -- Found example_interfaces: 0.9.1 (/opt/ros/foxy/share/example_interfaces/cmake)
[1.157s] -- Found my_robot_interfaces: 0.0.0 (/home/vincent-pc/ros2_foxy/install/my_robot_interfaces/share/my_robot_interfaces/cmake)
[1.268s] -- Configuring done
[1.349s] -- Generating done
[1.384s] -- Build files have been written to: /home/vincent-pc/ros2_foxy/build/my_cpp_pkg
[1.391s] Invoked command in '/home/vincent-pc/ros2_foxy/build/my_cpp_pkg' returned '0': CMAKE_PREFIX_PATH=${CMAKE_PREFIX_PATH}:/home/vincent-pc/ros2_foxy/install/turtlesim_catch_them_all_py:/home/vincent-pc/ros2_foxy/install/my_py_pkg:/opt/ros/foxy /usr/bin/cmake /home/vincent-pc/ros2_foxy/src/my_cpp_pkg -DAMENT_CMAKE_SYMLINK_INSTALL=1 -DCMAKE_INSTALL_PREFIX=/home/vincent-pc/ros2_foxy/install/my_cpp_pkg
[1.395s] Invoking command in '/home/vincent-pc/ros2_foxy/build/my_cpp_pkg': CMAKE_PREFIX_PATH=${CMAKE_PREFIX_PATH}:/home/vincent-pc/ros2_foxy/install/turtlesim_catch_them_all_py:/home/vincent-pc/ros2_foxy/install/my_py_pkg:/opt/ros/foxy /usr/bin/cmake --build /home/vincent-pc/ros2_foxy/build/my_cpp_pkg -- -j8 -l8
[1.523s] [  4%] [32m[1mLinking CXX executable hardware_status_publisher_cpp[0m
[1.539s] [  8%] [32m[1mLinking CXX executable led_panel_cpp[0m
[1.546s] [ 12%] [32m[1mLinking CXX executable cpp_node[0m
[1.556s] [ 16%] [32m[1mLinking CXX executable robot_news_station_cpp[0m
[1.556s] [ 20%] [32mBuilding CXX object CMakeFiles/number_counter_cpp.dir/src/number_counter.cpp.o[0m
[1.564s] [ 25%] [32m[1mLinking CXX executable add_two_ints_server_cpp[0m
[1.574s] [ 29%] [32m[1mLinking CXX executable add_two_ints_client_no_oop[0m
[1.595s] [ 33%] [32m[1mLinking CXX executable smartphone_cpp[0m
[2.611s] [ 37%] Built target cpp_node
[2.674s] [ 41%] Built target add_two_ints_server_cpp
[2.677s] [ 45%] Built target led_panel_cpp
[2.710s] [ 50%] Built target add_two_ints_client_no_oop
[2.767s] [ 54%] Built target hardware_status_publisher_cpp
[2.770s] [ 58%] [32m[1mLinking CXX executable number_publisher_cpp[0m
[2.790s] [ 62%] Built target smartphone_cpp
[2.804s] [ 66%] [32m[1mLinking CXX executable add_two_ints_client[0m
[2.868s] [ 70%] Built target robot_news_station_cpp
[2.872s] [ 75%] [32m[1mLinking CXX executable number_counter_server_cpp[0m
[2.874s] [ 79%] [32m[1mLinking CXX executable reset_number_client[0m
[3.360s] [ 83%] Built target number_publisher_cpp
[3.411s] [ 87%] Built target reset_number_client
[3.418s] [ 91%] Built target add_two_ints_client
[3.696s] [ 95%] Built target number_counter_server_cpp
[4.861s] [01m[K/home/vincent-pc/ros2_foxy/src/my_cpp_pkg/src/number_counter.cpp:[m[K In constructor â€˜[01m[KNumberCounterNode::NumberCounterNode()[m[Kâ€™:
[4.862s] [01m[K/home/vincent-pc/ros2_foxy/src/my_cpp_pkg/src/number_counter.cpp:10:49:[m[K [01;31m[Kerror: [m[Kâ€˜[01m[Kexample_[m[Kâ€™ was not declared in this scope
[4.862s]    10 |         Subscriber1_= this->create_subscription<[01;31m[Kexample_[m[K    interfaces::msg::Int64>
[4.862s]       |                                                 [01;31m[K^~~~~~~~[m[K
[4.862s] [01m[K/home/vincent-pc/ros2_foxy/src/my_cpp_pkg/src/number_counter.cpp:10:29:[m[K [01;31m[Kerror: [m[Kparse error in template argument list
[4.862s]    10 |         Subscriber1_= this->[01;31m[Kcreate_subscription<example_    interfaces::msg::Int64>[m[K
[4.863s]       |                             [01;31m[K^~~~~~~~~~~~~~~~~~~~~~~~~~~~~~~~~~~~~~~~~~~~~~~~~~~~~~~[m[K
[4.872s] [01m[K/home/vincent-pc/ros2_foxy/src/my_cpp_pkg/src/number_counter.cpp:12:108:[m[K [01;31m[Kerror: [m[Kno matching function for call to â€˜[01m[KNumberCounterNode::create_subscription<<expression error> >(const char [11], int, std::_Bind_helper<false, void (NumberCounterNode::*)(std::shared_ptr<example_interfaces::msg::Int64_<std::allocator<void> > >), NumberCounterNode*, const std::_Placeholder<1>&>::type)[m[Kâ€™
[4.872s]    12 |                                         (&NumberCounterNode::SubscriberNumber, this, std::placeholders::_1)[01;31m[K)[m[K;
[4.872s]       |                                                                                                            [01;31m[K^[m[K
[4.872s] In file included from [01m[K/opt/ros/foxy/include/rclcpp/executors/single_threaded_executor.hpp:28[m[K,
[4.872s]                  from [01m[K/opt/ros/foxy/include/rclcpp/executors.hpp:22[m[K,
[4.872s]                  from [01m[K/opt/ros/foxy/include/rclcpp/rclcpp.hpp:146[m[K,
[4.872s]                  from [01m[K/home/vincent-pc/ros2_foxy/src/my_cpp_pkg/src/number_counter.cpp:1[m[K:
[4.872s] [01m[K/opt/ros/foxy/include/rclcpp/node.hpp:213:3:[m[K [01;36m[Knote: [m[Kcandidate: â€˜[01m[Ktemplate<class MessageT, class CallbackT, class AllocatorT, class CallbackMessageT, class SubscriptionT, class MessageMemoryStrategyT> std::shared_ptr<SubscriptionT> rclcpp::Node::create_subscription(const string&, const rclcpp::QoS&, CallbackT&&, const rclcpp::SubscriptionOptionsWithAllocator<AllocatorT>&, typename MessageMemoryStrategyT::SharedPtr)[m[Kâ€™
[4.873s]   213 |   [01;36m[Kcreate_subscription[m[K(
[4.873s]       |   [01;36m[K^~~~~~~~~~~~~~~~~~~[m[K
[4.873s] [01m[K/opt/ros/foxy/include/rclcpp/node.hpp:213:3:[m[K [01;36m[Knote: [m[K  template argument deduction/substitution failed:
[4.873s] [01m[K/home/vincent-pc/ros2_foxy/src/my_cpp_pkg/src/number_counter.cpp:12:108:[m[K [01;31m[Kerror: [m[Ktemplate argument 1 is invalid
[4.873s]    12 |                                         (&NumberCounterNode::SubscriberNumber, this, std::placeholders::_1)[01;31m[K)[m[K;
[4.873s]       |                                                                                                            [01;31m[K^[m[K
[5.983s] make[2]: *** [CMakeFiles/number_counter_cpp.dir/build.make:63: CMakeFiles/number_counter_cpp.dir/src/number_counter.cpp.o] Error 1
[5.984s] make[1]: *** [CMakeFiles/Makefile2:316: CMakeFiles/number_counter_cpp.dir/all] Error 2
[5.984s] make: *** [Makefile:141: all] Error 2
[6.165s] Invoked command in '/home/vincent-pc/ros2_foxy/build/my_cpp_pkg' returned '2': CMAKE_PREFIX_PATH=${CMAKE_PREFIX_PATH}:/home/vincent-pc/ros2_foxy/install/turtlesim_catch_them_all_py:/home/vincent-pc/ros2_foxy/install/my_py_pkg:/opt/ros/foxy /usr/bin/cmake --build /home/vincent-pc/ros2_foxy/build/my_cpp_pkg -- -j8 -l8
