[01m[K/home/vincent-pc/ros2_foxy/src/my_cpp_pkg/src/number_publisher.cpp:[m[K In member function â€˜[01m[Kvoid NumberPublisherNode::PublisherNumber()[m[Kâ€™:
[01m[K/home/vincent-pc/ros2_foxy/src/my_cpp_pkg/src/number_publisher.cpp:19:36:[m[K [01;31m[Kerror: [m[Kexpected â€˜[01m[K;[m[Kâ€™ before â€˜[01m[K}[m[Kâ€™ token
   19 |         Publisher1_ -> publish(msg)
      |                                    [01;31m[K^[m[K
      |                                    [32m[K;[m[K
   20 |     [32m[K}[m[K
      |     [32m[K~[m[K                               
make[2]: *** [CMakeFiles/number_publisher_cpp.dir/build.make:63: CMakeFiles/number_publisher_cpp.dir/src/number_publisher.cpp.o] Error 1
make[1]: *** [CMakeFiles/Makefile2:84: CMakeFiles/number_publisher_cpp.dir/all] Error 2
make: *** [Makefile:141: all] Error 2
