[0.015s] Invoking command in '/home/vincent-pc/ros2_foxy/build/my_cpp_pkg': CMAKE_PREFIX_PATH=${CMAKE_PREFIX_PATH}:/home/vincent-pc/ros2_foxy/install/my_py_pkg:/home/vincent-pc/ros2_ws/install/py_srvcli:/home/vincent-pc/ros2_ws/install/py_pubsub:/home/vincent-pc/ros2_ws/install/my_package_Py:/home/vincent-pc/ros2_ws/install/examples_rclpy_minimal_subscriber:/home/vincent-pc/ros2_ws/install/examples_rclpy_minimal_service:/home/vincent-pc/ros2_ws/install/examples_rclpy_minimal_publisher:/home/vincent-pc/ros2_ws/install/examples_rclpy_minimal_client:/home/vincent-pc/ros2_ws/install/examples_rclpy_minimal_action_server:/home/vincent-pc/ros2_ws/install/examples_rclpy_minimal_action_client:/home/vincent-pc/ros2_ws/install/examples_rclpy_executors:/opt/ros/foxy /usr/bin/cmake --build /home/vincent-pc/ros2_foxy/build/my_cpp_pkg -- -j8 -l8
[0.071s] [35m[1mScanning dependencies of target number_publisher_cpp[0m
[0.091s] [ 25%] Built target robot_news_station_cpp
[0.097s] [ 50%] Built target cpp_node
[0.097s] [ 75%] Built target smartphone_cpp
[0.103s] [ 87%] [32mBuilding CXX object CMakeFiles/number_publisher_cpp.dir/src/number_publisher.cpp.o[0m
[1.348s] [01m[K/home/vincent-pc/ros2_foxy/src/my_cpp_pkg/src/number_publisher.cpp:[m[K In member function â€˜[01m[Kvoid NumberPublisherNode::PublisherNumber()[m[Kâ€™:
[1.348s] [01m[K/home/vincent-pc/ros2_foxy/src/my_cpp_pkg/src/number_publisher.cpp:19:36:[m[K [01;31m[Kerror: [m[Kexpected â€˜[01m[K;[m[Kâ€™ before â€˜[01m[K}[m[Kâ€™ token
[1.348s]    19 |         Publisher1_ -> publish(msg)
[1.348s]       |                                    [01;31m[K^[m[K
[1.349s]       |                                    [32m[K;[m[K
[1.349s]    20 |     [32m[K}[m[K
[1.349s]       |     [32m[K~[m[K                               
[2.183s] make[2]: *** [CMakeFiles/number_publisher_cpp.dir/build.make:63: CMakeFiles/number_publisher_cpp.dir/src/number_publisher.cpp.o] Error 1
[2.183s] make[1]: *** [CMakeFiles/Makefile2:84: CMakeFiles/number_publisher_cpp.dir/all] Error 2
[2.183s] make: *** [Makefile:141: all] Error 2
[2.185s] Invoked command in '/home/vincent-pc/ros2_foxy/build/my_cpp_pkg' returned '2': CMAKE_PREFIX_PATH=${CMAKE_PREFIX_PATH}:/home/vincent-pc/ros2_foxy/install/my_py_pkg:/home/vincent-pc/ros2_ws/install/py_srvcli:/home/vincent-pc/ros2_ws/install/py_pubsub:/home/vincent-pc/ros2_ws/install/my_package_Py:/home/vincent-pc/ros2_ws/install/examples_rclpy_minimal_subscriber:/home/vincent-pc/ros2_ws/install/examples_rclpy_minimal_service:/home/vincent-pc/ros2_ws/install/examples_rclpy_minimal_publisher:/home/vincent-pc/ros2_ws/install/examples_rclpy_minimal_client:/home/vincent-pc/ros2_ws/install/examples_rclpy_minimal_action_server:/home/vincent-pc/ros2_ws/install/examples_rclpy_minimal_action_client:/home/vincent-pc/ros2_ws/install/examples_rclpy_executors:/opt/ros/foxy /usr/bin/cmake --build /home/vincent-pc/ros2_foxy/build/my_cpp_pkg -- -j8 -l8
