<?xml version="1.0" encoding="UTF-8"?>
<Site BuildName="(empty)"
	BuildStamp="20250130-1853-Experimental"
	Name="vincentpc-Aspire-A315-57G"
	Generator="ctest-3.16.3"
	CompilerName="/usr/bin/c++"
	CompilerVersion="9.4.0"
	OSName="Linux"
	Hostname="vincentpc-Aspire-A315-57G"
	OSRelease="5.4.0-205-generic"
	OSVersion="#225-Ubuntu SMP Fri Jan 10 22:23:35 UTC 2025"
	OSPlatform="x86_64"
	Is64Bits="1"
	VendorString="GenuineIntel"
	VendorID="Intel Corporation"
	FamilyID="6"
	ModelID="126"
	ProcessorCacheSize="6144"
	NumberOfLogicalCPU="8"
	NumberOfPhysicalCPU="4"
	TotalVirtualMemory="4290"
	TotalPhysicalMemory="7719"
	LogicalProcessorsPerPhysical="2"
	ProcessorClockFrequency="2974.79"
	>
	<Testing>
		<StartDateTime>Jan 30 13:53 -05</StartDateTime>
		<StartTestTime>1738263224</StartTestTime>
		<TestList/>
		<EndDateTime>Jan 30 13:53 -05</EndDateTime>
		<EndTestTime>1738263224</EndTestTime>
		<ElapsedMinutes>0</ElapsedMinutes>
	</Testing>
</Site>
