[01m[K/home/vincent-pc/ros2_foxy/src/my_cpp_pkg/src/smartphone.cpp:[m[K In constructor â€˜[01m[KSmartPhoneNode::SmartPhoneNode()[m[Kâ€™:
[01m[K/home/vincent-pc/ros2_foxy/src/my_cpp_pkg/src/smartphone.cpp:13:5:[m[K [01;31m[Kerror: [m[Kexpected â€˜[01m[K;[m[Kâ€™ before â€˜[01m[K}[m[Kâ€™ token
   13 |     [01;31m[K}[m[K
      |     [01;31m[K^[m[K
make[2]: *** [CMakeFiles/smartphone_cpp.dir/build.make:63: CMakeFiles/smartphone_cpp.dir/src/smartphone.cpp.o] Error 1
make[1]: *** [CMakeFiles/Makefile2:82: CMakeFiles/smartphone_cpp.dir/all] Error 2
make: *** [Makefile:141: all] Error 2
