[35m[1mScanning dependencies of target number_counter_cpp[0m
[ 40%] Built target smartphone_cpp
[ 40%] Built target robot_news_station_cpp
[ 60%] Built target number_publisher_cpp
[ 80%] Built target cpp_node
[ 90%] [32mBuilding CXX object CMakeFiles/number_counter_cpp.dir/src/number_counter.cpp.o[0m
[01m[K/home/vincent-pc/ros2_foxy/src/my_cpp_pkg/src/number_counter.cpp:[m[K In constructor â€˜[01m[KNumberCounterNode::NumberCounterNode()[m[Kâ€™:
[01m[K/home/vincent-pc/ros2_foxy/src/my_cpp_pkg/src/number_counter.cpp:16:5:[m[K [01;31m[Kerror: [m[Kexpected â€˜[01m[K;[m[Kâ€™ before â€˜[01m[K}[m[Kâ€™ token
   16 |     [01;31m[K}[m[K
      |     [01;31m[K^[m[K
make[2]: *** [CMakeFiles/number_counter_cpp.dir/build.make:63: CMakeFiles/number_counter_cpp.dir/src/number_counter.cpp.o] Error 1
make[1]: *** [CMakeFiles/Makefile2:248: CMakeFiles/number_counter_cpp.dir/all] Error 2
make: *** [Makefile:141: all] Error 2
