[0.021s] Invoking command in '/home/vincent-pc/ros2_foxy/build/my_cpp_pkg': CMAKE_PREFIX_PATH=${CMAKE_PREFIX_PATH}:/home/vincent-pc/ros2_foxy/install/my_py_pkg:/home/vincent-pc/ros2_ws/install/py_srvcli:/home/vincent-pc/ros2_ws/install/py_pubsub:/home/vincent-pc/ros2_ws/install/my_package_Py:/home/vincent-pc/ros2_ws/install/examples_rclpy_minimal_subscriber:/home/vincent-pc/ros2_ws/install/examples_rclpy_minimal_service:/home/vincent-pc/ros2_ws/install/examples_rclpy_minimal_publisher:/home/vincent-pc/ros2_ws/install/examples_rclpy_minimal_client:/home/vincent-pc/ros2_ws/install/examples_rclpy_minimal_action_server:/home/vincent-pc/ros2_ws/install/examples_rclpy_minimal_action_client:/home/vincent-pc/ros2_ws/install/examples_rclpy_executors:/opt/ros/foxy /usr/bin/cmake --build /home/vincent-pc/ros2_foxy/build/my_cpp_pkg -- -j8 -l8
[0.150s] [35m[1mScanning dependencies of target led_panel_cpp[0m
[0.183s] [  8%] Built target hardware_status_publisher_cpp
[0.188s] [ 16%] Built target add_two_ints_client_no_oop
[0.188s] [ 25%] Built target number_counter_cpp
[0.195s] [ 33%] Built target smartphone_cpp
[0.195s] [ 41%] Built target cpp_node
[0.201s] [ 50%] Built target add_two_ints_server_cpp
[0.208s] [ 58%] Built target robot_news_station_cpp
[0.214s] [ 62%] [32mBuilding CXX object CMakeFiles/led_panel_cpp.dir/src/led_panel.cpp.o[0m
[0.233s] [ 70%] Built target number_publisher_cpp
[0.246s] [ 79%] Built target add_two_ints_client
[0.247s] [ 87%] Built target reset_number_client
[0.254s] [ 95%] Built target number_counter_server_cpp
[1.640s] [01m[K/home/vincent-pc/ros2_foxy/src/my_cpp_pkg/src/led_panel.cpp:[m[K In member function â€˜[01m[Kvoid LedPanelNode::callback_set_led(std::shared_ptr<my_robot_interfaces::srv::SetLed_Request_<std::allocator<void> > >, std::shared_ptr<my_robot_interfaces::srv::SetLed_Response_<std::allocator<void> > >)[m[Kâ€™:
[1.640s] [01m[K/home/vincent-pc/ros2_foxy/src/my_cpp_pkg/src/led_panel.cpp:38:24:[m[K [01;35m[Kwarning: [m[Kcomparison of integer expressions of different signedness: â€˜[01m[Klong int[m[Kâ€™ and â€˜[01m[Kstd::vector<long int, std::allocator<long int> >::size_type[m[Kâ€™ {aka â€˜[01m[Klong unsigned int[m[Kâ€™} [[01;35m[K-Wsign-compare[m[K]
[1.640s]    38 |         if ([01;35m[Kled_number > led_states_.size()[m[K || led_number <=0)
[1.640s]       |             [01;35m[K~~~~~~~~~~~^~~~~~~~~~~~~~~~~~~~[m[K
[1.642s] [01m[K/home/vincent-pc/ros2_foxy/src/my_cpp_pkg/src/led_panel.cpp:44:31:[m[K [01;31m[Kerror: [m[Kâ€˜[01m[Kstate[m[Kâ€™ was not declared in this scope; did you mean â€˜[01m[Kstates[m[Kâ€™?
[1.642s]    44 |         if (std::find({0, 1}, [01;31m[Kstate[m[K) == std::end({0, 1}))
[1.642s]       |                               [01;31m[K^~~~~[m[K
[1.642s]       |                               [32m[Kstates[m[K
[1.644s] [01m[K/home/vincent-pc/ros2_foxy/src/my_cpp_pkg/src/led_panel.cpp:50:38:[m[K [01;31m[Kerror: [m[Kâ€˜[01m[Kstate[m[Kâ€™ was not declared in this scope; did you mean â€˜[01m[Kstates[m[Kâ€™?
[1.644s]    50 |         led_states_[led_number -1] = [01;31m[Kstate[m[K;
[1.644s]       |                                      [01;31m[K^~~~~[m[K
[1.644s]       |                                      [32m[Kstates[m[K
[1.644s] [01m[K/home/vincent-pc/ros2_foxy/src/my_cpp_pkg/src/led_panel.cpp:36:14:[m[K [01;35m[Kwarning: [m[Kunused variable â€˜[01m[Kstates[m[Kâ€™ [[01;35m[K-Wunused-variable[m[K]
[1.644s]    36 |         auto [01;35m[Kstates[m[K         = request->state;
[1.644s]       |              [01;35m[K^~~~~~[m[K
[2.605s] make[2]: *** [CMakeFiles/led_panel_cpp.dir/build.make:63: CMakeFiles/led_panel_cpp.dir/src/led_panel.cpp.o] Error 1
[2.605s] make[1]: *** [CMakeFiles/Makefile2:100: CMakeFiles/led_panel_cpp.dir/all] Error 2
[2.605s] make: *** [Makefile:141: all] Error 2
[2.608s] Invoked command in '/home/vincent-pc/ros2_foxy/build/my_cpp_pkg' returned '2': CMAKE_PREFIX_PATH=${CMAKE_PREFIX_PATH}:/home/vincent-pc/ros2_foxy/install/my_py_pkg:/home/vincent-pc/ros2_ws/install/py_srvcli:/home/vincent-pc/ros2_ws/install/py_pubsub:/home/vincent-pc/ros2_ws/install/my_package_Py:/home/vincent-pc/ros2_ws/install/examples_rclpy_minimal_subscriber:/home/vincent-pc/ros2_ws/install/examples_rclpy_minimal_service:/home/vincent-pc/ros2_ws/install/examples_rclpy_minimal_publisher:/home/vincent-pc/ros2_ws/install/examples_rclpy_minimal_client:/home/vincent-pc/ros2_ws/install/examples_rclpy_minimal_action_server:/home/vincent-pc/ros2_ws/install/examples_rclpy_minimal_action_client:/home/vincent-pc/ros2_ws/install/examples_rclpy_executors:/opt/ros/foxy /usr/bin/cmake --build /home/vincent-pc/ros2_foxy/build/my_cpp_pkg -- -j8 -l8
